1702825237 118754 chains/1A44_A.pdb
1710502896 276218 chains/1A4Y_A.pdb
3234379669 296225 chains/1A8D_A.pdb
2030591141 146699 chains/1A8L_A.pdb
111070510 34271 chains/1A92_A.pdb
2050470314 180152 chains/1AF7_A.pdb
3279097455 96641 chains/1AFB_1.pdb
3548384907 163061 chains/1AH7_A.pdb
6409580 73475 chains/1AHO_A.pdb
2940332446 111545 chains/1AOC_A.pdb
1390313010 144593 chains/1AOL_A.pdb
1751555323 101906 chains/1ASU_A.pdb
2645320709 114623 chains/1ATZ_B.pdb
3132990868 125963 chains/1AW7_A.pdb
3911486118 82466 chains/1AYO_A.pdb
1727521528 212066 chains/1B63_A.pdb
1201505354 40346 chains/1B67_A.pdb
943663201 112922 chains/1BBP_A.pdb
4273995830 464543 chains/1BF2_A.pdb
3572246048 79955 chains/1BFT_A.pdb
3971181005 83438 chains/1BKB_A.pdb
3896798773 81575 chains/1BM8_A.pdb
2194389652 173834 chains/1BRT_A.pdb
657659639 318257 chains/1BTC_A.pdb
476975438 109682 chains/1BTK_B.pdb
3525170451 69992 chains/1BTN_A.pdb
1037132146 38564 chains/1BXY_A.pdb
1152424563 137060 chains/1BYI_A.pdb
1846346666 95102 chains/1BZ4_A.pdb
1580279516 108467 chains/1C02_A.pdb
3691137282 225755 chains/1C0P_A.pdb
1586574187 148886 chains/1C1K_A.pdb
1012161317 74771 chains/1C44_A.pdb
262801667 42533 chains/1C4Q_A.pdb
1830722335 55979 chains/1C5E_A.pdb
2545490436 82223 chains/1C7K_A.pdb
1094551298 182501 chains/1C8U_A.pdb
4142268740 167354 chains/1C8Z_A.pdb
3453740070 470699 chains/1C96_A.pdb
2050966991 84329 chains/1CCW_A.pdb
1644196791 304730 chains/1CCW_B.pdb
23856423 113246 chains/1CCZ_A.pdb
497944703 258155 chains/1CHM_A.pdb
1772187224 150992 chains/1CI3_M.pdb
2910081331 106280 chains/1CJW_A.pdb
3475228398 68453 chains/1CMC_A.pdb
1947819400 165248 chains/1CP2_A.pdb
1276775453 274679 chains/1CSH_A.pdb
3629760840 100448 chains/1CYQ_A.pdb
970718237 103850 chains/1CZY_A.pdb
2851678526 121265 chains/1D2O_A.pdb
4102013846 107333 chains/1D2S_A.pdb
921312314 70964 chains/1D2Z_C.pdb
1582944570 96884 chains/1D2Z_D.pdb
970812378 66833 chains/1D4T_A.pdb
991703801 276866 chains/1D5T_A.pdb
1967585349 81251 chains/1D9C_A.pdb
1598149651 81818 chains/1DBF_A.pdb
1211268028 143945 chains/1DFM_A.pdb
3715027989 61001 chains/1DFU_P.pdb
956641473 118106 chains/1DGW_A.pdb
3198889922 78335 chains/1DHN_A.pdb
3094886314 43748 chains/1DI2_A.pdb
2790080864 169865 chains/1DJ0_A.pdb
2656329368 95507 chains/1DK8_A.pdb
898348922 259451 chains/1DLJ_A.pdb
3589829588 130418 chains/1DNL_A.pdb
4029461385 259775 chains/1DOS_A.pdb
171311685 124019 chains/1DOW_A.pdb
425180700 50552 chains/1DP7_P.pdb
2212483020 82142 chains/1DQI_A.pdb
2327014648 150344 chains/1DQP_A.pdb
3959798858 73394 chains/1DQT_A.pdb
1687019066 176669 chains/1DQZ_A.pdb
3897009729 38240 chains/1DTD_B.pdb
2271459955 122966 chains/1DUS_A.pdb
4200691345 204614 chains/1DUV_G.pdb
1726111314 98747 chains/1DVO_A.pdb
1319292326 175454 chains/1DYP_A.pdb
1600998512 156986 chains/1E6Y_C.pdb
1592831621 103040 chains/1E7L_A.pdb
2421325834 108143 chains/1EB6_A.pdb
1135416665 104579 chains/1EER_A.pdb
3513871334 55007 chains/1EF1_C.pdb
41775418 112517 chains/1EJ0_A.pdb
2292364933 87569 chains/1EJ8_A.pdb
2232467868 253943 chains/1EJD_A.pdb
4101426940 168488 chains/1ESJ_A.pdb
1128488776 138842 chains/1EU3_A.pdb
1329972810 145889 chains/1EUV_A.pdb
3762119763 264473 chains/1EVL_A.pdb
58827088 69911 chains/1EW4_A.pdb
3544906248 285209 chains/1EWF_A.pdb
1192248881 117134 chains/1EX7_A.pdb
488294745 95183 chains/1EYH_A.pdb
3013769005 190601 chains/1F07_A.pdb
1712241026 95993 chains/1F08_A.pdb
3287338113 97694 chains/1F2U_A.pdb
1932535321 62135 chains/1F39_A.pdb
3000201421 72503 chains/1F3U_A.pdb
3916407852 88865 chains/1F46_B.pdb
3886978391 72098 chains/1F86_A.pdb
3089371496 61568 chains/1FBQ_B.pdb
612234992 150344 chains/1FCY_A.pdb
1518940402 24227 chains/1FD3_A.pdb
1863967167 84410 chains/1FGY_A.pdb
2522388831 181286 chains/1FIU_A.pdb
2683648662 61973 chains/1FLT_X.pdb
1529628809 324737 chains/1FM2_B.pdb
2343260624 233450 chains/1FN9_A.pdb
1788013028 264473 chains/1FP3_A.pdb
596750169 152126 chains/1FSG_A.pdb
365478467 134387 chains/1FT5_A.pdb
3164169136 179909 chains/1FTR_A.pdb
757044288 150344 chains/1FX2_A.pdb
3621537094 28358 chains/1G1J_A.pdb
478733846 143702 chains/1G3Q_A.pdb
997108071 409220 chains/1G5A_A.pdb
4209066461 225755 chains/1G66_A.pdb
14656590 136898 chains/1G6C_B.pdb
781193897 80198 chains/1G6G_A.pdb
3560727111 261800 chains/1G6S_A.pdb
2672609355 36620 chains/1G6X_A.pdb
130422417 147833 chains/1G8A_A.pdb
3407715182 78173 chains/1G8K_B.pdb
1668291395 56141 chains/1G8Q_A.pdb
2439150077 406223 chains/1G9G_A.pdb
3259470452 234260 chains/1GCA_A.pdb
961246948 292580 chains/1GCI_A.pdb
3378397925 357623 chains/1GK9_B.pdb
1189042256 303677 chains/1GKM_A.pdb
3097890590 288692 chains/1GKP_A.pdb
3528355738 68291 chains/1GMX_A.pdb
3310438109 90809 chains/1GNY_A.pdb
2669552020 67724 chains/1GO3_F.pdb
2570461000 365237 chains/1GPE_A.pdb
4132550256 460736 chains/1GQI_A.pdb
3168927101 154151 chains/1GS5_A.pdb
2179702608 39536 chains/1GTO_A.pdb
1988171515 77768 chains/1GU2_A.pdb
3005198831 225836 chains/1GU7_A.pdb
2072817840 101420 chains/1GUI_A.pdb
1505715459 36134 chains/1GVD_A.pdb
1910918272 67805 chains/1GVP_A.pdb
2252487010 98747 chains/1GWM_A.pdb
3027369832 110249 chains/1GWY_A.pdb
2980325160 209960 chains/1GXM_B.pdb
2489485751 485036 chains/1H16_A.pdb
2109601556 191654 chains/1H1N_A.pdb
510024202 32732 chains/1H2S_B.pdb
2095670023 116972 chains/1H4A_X.pdb
1104832374 269252 chains/1H4P_A.pdb
4289897391 93158 chains/1H6H_A.pdb
3917647686 221624 chains/1H6L_A.pdb
3063547321 183797 chains/1H72_C.pdb
4129022714 94535 chains/1H97_A.pdb
2857812282 81332 chains/1H9J_A.pdb
261416949 267875 chains/1HBN_B.pdb
1049973861 96398 chains/1HD2_A.pdb
2763733571 80765 chains/1HE1_A.pdb
1259747773 190115 chains/1HNJ_A.pdb
2149425391 326195 chains/1HP1_A.pdb
3563184755 186632 chains/1HQ0_A.pdb
3997742797 95345 chains/1HQK_A.pdb
4225704966 29330 chains/1HTR_P.pdb
4138701056 70316 chains/1HXR_B.pdb
809389713 358838 chains/1I1W_A.pdb
2588500515 47393 chains/1I27_A.pdb
2499948481 168407 chains/1I2K_A.pdb
2635342167 38240 chains/1I2T_A.pdb
889387656 70397 chains/1I4J_A.pdb
2952327803 118349 chains/1I4U_A.pdb
3782020459 118916 chains/1I58_A.pdb
4205853048 176588 chains/1I60_A.pdb
2422504262 242360 chains/1I88_A.pdb
109803310 120212 chains/1I8A_A.pdb
3870521918 183230 chains/1IA9_B.pdb
4194802705 69911 chains/1IBY_A.pdb
1407506076 90080 chains/1IFG_A.pdb
62994580 208664 chains/1IG0_B.pdb
892150502 131228 chains/1IJB_A.pdb
3756846533 99962 chains/1ILK_A.pdb
2959462464 114461 chains/1IQ4_A.pdb
3825048552 49580 chains/1IQZ_A.pdb
2937848737 35567 chains/1ISU_A.pdb
1105811064 96398 chains/1IT2_A.pdb
974854756 233936 chains/1ITU_A.pdb
1923587327 260909 chains/1ITX_A.pdb
1580414661 128879 chains/1IU8_A.pdb
1377799604 131795 chains/1IX9_A.pdb
2260051043 393263 chains/1IXH_A.pdb
3635464181 308942 chains/1J09_A.pdb
775183633 64970 chains/1J0P_A.pdb
2000646879 186956 chains/1J7X_A.pdb
1005247069 109115 chains/1J83_A.pdb
2179770175 129932 chains/1JAY_A.pdb
3494192429 78335 chains/1JBE_A.pdb
3275938788 28844 chains/1JCD_B.pdb
1098988885 337373 chains/1JET_A.pdb
1183285994 84977 chains/1JF3_A.pdb
679226109 142730 chains/1JFL_A.pdb
1338924679 249326 chains/1JHD_A.pdb
1573162906 119726 chains/1JHS_A.pdb
3333660176 94292 chains/1JIG_A.pdb
2899880691 100205 chains/1JK3_A.pdb
155262263 89108 chains/1JKE_A.pdb
1684803104 82223 chains/1JYO_A.pdb
3421781120 132848 chains/1JZO_B.pdb
777175945 252971 chains/1K0I_A.pdb
228563870 95750 chains/1K12_A.pdb
2486413014 190601 chains/1K20_A.pdb
2855255687 182582 chains/1K5N_A.pdb
196922016 95588 chains/1K66_A.pdb
4261373824 165977 chains/1K77_A.pdb
1197078433 140543 chains/1K7C_A.pdb
3010927486 127340 chains/1K7J_A.pdb
3543412500 257507 chains/1KAE_A.pdb
923138028 70802 chains/1KAF_A.pdb
3712187913 257669 chains/1KCZ_A.pdb
2557420486 332027 chains/1KDG_B.pdb
1756684600 233207 chains/1KEW_A.pdb
335204197 107981 chains/1KOE_A.pdb
2256539044 61973 chains/1KPT_A.pdb
4066916639 343448 chains/1KQP_A.pdb
3127588149 183635 chains/1KS9_A.pdb
3421467224 145484 chains/1KSK_A.pdb
938338316 114866 chains/1KT5_A.pdb
242387435 235718 chains/1KTA_A.pdb
1467733614 152693 chains/1KTN_A.pdb
1193528525 44396 chains/1KVE_B.pdb
2928457251 230453 chains/1KWF_A.pdb
142454870 312182 chains/1KYF_A.pdb
1226151562 517598 chains/1L5W_A.pdb
1951489324 198296 chains/1L6S_A.pdb
3656675934 134306 chains/1L6X_A.pdb
3577414509 205505 chains/1L7A_A.pdb
1056870962 99314 chains/1L9L_A.pdb
2432465039 125963 chains/1LBU_A.pdb
3679807220 159254 chains/1LBV_A.pdb
2348730861 48932 chains/1LDD_A.pdb
2112270089 66509 chains/1LK2_B.pdb
4291160333 143054 chains/1LK5_A.pdb
2528235547 134630 chains/1LKK_A.pdb
2685551186 60434 chains/1LNI_A.pdb
905985289 68534 chains/1LQ9_A.pdb
981602316 220004 chains/1LQA_A.pdb
1609745489 68372 chains/1LSL_A.pdb
675737455 122399 chains/1LTS_A.pdb
2032580958 28115 chains/1LTS_C.pdb
3293160949 167192 chains/1LUG_A.pdb
302342128 147995 chains/1LVM_A.pdb
4028830535 147104 chains/1LWB_A.pdb
1765404867 63431 chains/1LXJ_A.pdb
333518262 264878 chains/1LXY_A.pdb
571306435 80684 chains/1LY2_A.pdb
2994616633 53225 chains/1M1R_A.pdb
3660919143 197324 chains/1M4L_A.pdb
1015257746 115838 chains/1MBM_A.pdb
1810688095 78983 chains/1MC2_A.pdb
1496936865 78497 chains/1MDC_A.pdb
3414478766 126692 chains/1MF7_A.pdb
1424746414 136088 chains/1MIX_A.pdb
533176643 65132 chains/1MK0_A.pdb
2812735818 102797 chains/1MK4_A.pdb
2590125141 41723 chains/1MOG_A.pdb
3856548109 178046 chains/1MPG_A.pdb
2313535186 340856 chains/1MRO_A.pdb
297945734 77930 chains/1MSC_A.pdb
905604133 256535 chains/1MTY_B.pdb
3912625364 414728 chains/1MTY_D.pdb
3219584013 134306 chains/1MTY_G.pdb
3051247706 142730 chains/1MUN_A.pdb
3757121240 480743 chains/1MUW_A.pdb
18051587 265688 chains/1MV8_A.pdb
2578405945 29330 chains/1MZ9_A.pdb
1178638735 56627 chains/1N0Q_B.pdb
3459569 81494 chains/1N12_A.pdb
4287886808 69182 chains/1N13_B.pdb
3420443748 31517 chains/1N2D_C.pdb
4088315231 139004 chains/1N7K_A.pdb
4178174939 468188 chains/1N7O_A.pdb
1667152984 51443 chains/1N7S_C.pdb
154487767 95345 chains/1NB9_A.pdb
2164169969 372365 chains/1NDB_A.pdb
3805143251 217736 chains/1NE9_A.pdb
3364822415 83114 chains/1NEP_A.pdb
2673736207 303353 chains/1NEY_A.pdb
2516935689 132200 chains/1NF9_A.pdb
2702638532 149696 chains/1NFP_A.pdb
770606648 94697 chains/1NG6_A.pdb
2786253566 309023 chains/1NKG_A.pdb
3137679861 55574 chains/1NKP_B.pdb
1902107792 31760 chains/1NKZ_A.pdb
949289969 132929 chains/1NMY_A.pdb
1756121963 153584 chains/1NNW_B.pdb
916378068 96398 chains/1NS5_B.pdb
192266761 97289 chains/1NTV_A.pdb
490497286 185336 chains/1NVM_B.pdb
2663363141 79064 chains/1NWZ_A.pdb
4111592679 198215 chains/1NXU_B.pdb
1934122626 74690 chains/1NYC_A.pdb
382764020 107900 chains/1O3Y_A.pdb
438360724 101744 chains/1O9R_A.pdb
854643285 332270 chains/1OA0_A.pdb
1300229675 82061 chains/1OA8_D.pdb
2054882625 156743 chains/1OAA_A.pdb
1391975584 38564 chains/1OAI_A.pdb
1898523060 465515 chains/1OAO_C.pdb
3747961012 229967 chains/1OC7_A.pdb
3117874898 248111 chains/1OCK_A.pdb
1108831300 124505 chains/1OCY_A.pdb
426623533 192545 chains/1OEW_A.pdb
97276537 108710 chains/1OIO_A.pdb
2330631013 133658 chains/1OJQ_A.pdb
196158373 45206 chains/1OK0_A.pdb
199460912 121589 chains/1OLL_A.pdb
457962014 283832 chains/1OLR_A.pdb
2697758184 200078 chains/1ONR_A.pdb
1434816181 140300 chains/1OQ1_A.pdb
2305749071 73151 chains/1ORG_A.pdb
2216774361 83762 chains/1ORS_C.pdb
1695794826 72746 chains/1OSY_A.pdb
1558839376 89837 chains/1OUW_C.pdb
218571901 96884 chains/1P27_A.pdb
2953194094 129608 chains/1P3C_A.pdb
914898867 87650 chains/1P5U_B.pdb
3931423293 100205 chains/1P6O_B.pdb
2707147628 57275 chains/1P71_A.pdb
1703324120 41885 chains/1P9G_A.pdb
3511351847 210689 chains/1PBY_B.pdb
3899273126 48446 chains/1PBY_C.pdb
88606845 122723 chains/1PI1_A.pdb
1962169833 119240 chains/1PMJ_X.pdb
2413385376 199106 chains/1PNF_A.pdb
234388039 157229 chains/1PRZ_A.pdb
2807953842 64241 chains/1PSR_A.pdb
3104332377 118673 chains/1PVM_B.pdb
1463567080 214253 chains/1PXZ_A.pdb
2343025035 52010 chains/1PZW_A.pdb
876356964 55736 chains/1Q7L_B.pdb
3610103150 226241 chains/1QAZ_A.pdb
16648144 215630 chains/1QCX_A.pdb
213536307 204452 chains/1QD1_B.pdb
3804704836 269009 chains/1QF5_A.pdb
1304598378 112760 chains/1QFT_A.pdb
3913841746 57842 chains/1QGE_E.pdb
3890433889 243413 chains/1QH4_A.pdb
2711121114 255887 chains/1QHD_A.pdb
2096074132 117458 chains/1QIP_B.pdb
286375115 150020 chains/1QL0_A.pdb
2450804639 193760 chains/1QLM_A.pdb
733593593 216116 chains/1QNR_A.pdb
4029468042 266741 chains/1QPK_A.pdb
1949516119 177479 chains/1QQF_A.pdb
207603583 136088 chains/1QQP_3.pdb
1690296435 151235 chains/1QR0_A.pdb
2367616750 130013 chains/1QRL_A.pdb
2627057604 108953 chains/1QST_A.pdb
1180169112 353330 chains/1QTW_A.pdb
3307448005 59705 chains/1QW2_A.pdb
3245117568 159335 chains/1QWZ_A.pdb
3127351477 61730 chains/1QZM_A.pdb
4273111880 49256 chains/1R6J_A.pdb
1611311152 294038 chains/1R89_A.pdb
3912563252 192869 chains/1R9L_A.pdb
2289430985 222029 chains/1RCQ_A.pdb
2305293392 83114 chains/1REG_X.pdb
3238781239 38726 chains/1RH6_A.pdb
4123009054 211418 chains/1RHC_A.pdb
3558780525 187523 chains/1RIF_A.pdb
2322813684 115109 chains/1RKB_A.pdb
1248081762 135116 chains/1RKU_A.pdb
1499654535 100043 chains/1ROC_A.pdb
243459315 245114 chains/1RU4_A.pdb
490904647 150425 chains/1RW0_A.pdb
732383749 155204 chains/1RXZ_A.pdb
1062922473 180800 chains/1RZH_L.pdb
2681332422 59867 chains/1S12_A.pdb
1970673863 57761 chains/1S29_A.pdb
623852892 155528 chains/1S2O_A.pdb
3522004509 87488 chains/1S3D_A.pdb
2769122327 77120 chains/1S4K_A.pdb
1234452947 99881 chains/1S55_A.pdb
3568299566 170351 chains/1SA3_A.pdb
2482709718 63917 chains/1SBX_A.pdb
634390335 159011 chains/1SBY_A.pdb
3050194052 130013 chains/1SDI_A.pdb
935088250 83357 chains/1SEI_A.pdb
2299749367 224540 chains/1SJD_B.pdb
4007382236 89594 chains/1SRV_A.pdb
1485616616 125801 chains/1SUL_B.pdb
1781737004 140867 chains/1SUR_A.pdb
2484052891 36620 chains/1SVF_A.pdb
1043410356 157634 chains/1SX5_A.pdb
2117656777 150425 chains/1T06_A.pdb
2028286284 81413 chains/1T1J_B.pdb
3211262572 227618 chains/1T4B_A.pdb
54255204 171566 chains/1T6K_A.pdb
2279134987 75500 chains/1T6U_A.pdb
1511736452 48365 chains/1T8K_A.pdb
1419575922 176426 chains/1T8T_B.pdb
1776897124 188252 chains/1TCA_A.pdb
3822821484 606212 chains/1TG7_A.pdb
2189056174 32813 chains/1TGR_A.pdb
2209038888 195380 chains/1TJY_A.pdb
1365820761 144674 chains/1TKE_A.pdb
1098733723 133172 chains/1TQG_A.pdb
2892391965 216683 chains/1TT8_A.pdb
1825439788 39131 chains/1TUK_A.pdb
2098797476 182906 chains/1TVN_A.pdb
62292805 208259 chains/1TZJ_C.pdb
3118535910 96884 chains/1TZW_A.pdb
188722738 57518 chains/1U07_A.pdb
3285256362 78659 chains/1U6T_A.pdb
2629757981 83762 chains/1U7K_A.pdb
3053130312 77768 chains/1U9D_A.pdb
253693865 43991 chains/1U9L_B.pdb
2348135138 121184 chains/1UCD_A.pdb
2578087619 80765 chains/1UCS_A.pdb
1322353029 212714 chains/1UDC_A.pdb
557381186 115028 chains/1UEB_A.pdb
3925075363 194732 chains/1UF5_A.pdb
2018406790 146618 chains/1UFO_A.pdb
1835735174 52415 chains/1UGH_I.pdb
4009007885 129689 chains/1UGP_A.pdb
2648050382 114056 chains/1UKF_A.pdb
251054377 70721 chains/1UKU_A.pdb
554095032 228104 chains/1UM0_A.pdb
567753172 113570 chains/1USC_A.pdb
3947053941 210284 chains/1USG_A.pdb
2935734993 44396 chains/1UTG_A.pdb
1870654828 426473 chains/1UVJ_A.pdb
3964778316 62459 chains/1UW4_A.pdb
3466074700 166625 chains/1UW4_B.pdb
4026923391 71855 chains/1UX7_A.pdb
2435948889 214901 chains/1UXY_A.pdb
3792645872 64808 chains/1UZ3_A.pdb
889302552 58733 chains/1V05_A.pdb
2664681842 47555 chains/1V5I_B.pdb
4094944824 38888 chains/1V6P_A.pdb
2953249650 238877 chains/1V6S_A.pdb
2134289695 65456 chains/1V70_A.pdb
3791633887 70235 chains/1V74_A.pdb
1668216596 56870 chains/1V74_B.pdb
2869314478 211256 chains/1V7C_A.pdb
433654521 200483 chains/1VBK_A.pdb
2639882177 41804 chains/1VBW_A.pdb
1777149866 69911 chains/1VC1_A.pdb
1097730002 156500 chains/1VC4_A.pdb
1150031311 51848 chains/1VCC_A.pdb
183344010 81089 chains/1VCD_A.pdb
3871937829 92672 chains/1VLS_A.pdb
1758613996 201941 chains/1W0D_A.pdb
3880147841 101177 chains/1W1H_B.pdb
3752247609 228104 chains/1W23_A.pdb
3569581604 129041 chains/1W2W_A.pdb
3883977 119159 chains/1W2W_B.pdb
2823886376 367019 chains/1W8O_A.pdb
670291367 361268 chains/1W99_A.pdb
1179197407 57437 chains/1WAA_C.pdb
1650116943 289907 chains/1WD3_A.pdb
3236957457 104498 chains/1WEH_A.pdb
3475417390 75905 chains/1WHI_A.pdb
794430101 161927 chains/1WHS_A.pdb
1027872756 76067 chains/1WO8_A.pdb
3662414022 80765 chains/1WOL_A.pdb
88040436 203399 chains/1WP5_A.pdb
2480887665 89756 chains/1WPU_A.pdb
1198759512 45449 chains/1WQJ_B.pdb
1802712193 359486 chains/1WTE_A.pdb
2506600488 94292 chains/1WWI_A.pdb
3708371996 211580 chains/1X0A_A.pdb
972429526 287072 chains/1X54_A.pdb
1390158332 63512 chains/1X7V_C.pdb
4246222295 115676 chains/1X8Q_A.pdb
2849200114 45125 chains/1XG0_A.pdb
3797351723 103850 chains/1XG0_D.pdb
373962795 112598 chains/1XHK_B.pdb
3303238603 64322 chains/1XLQ_A.pdb
3191280196 50795 chains/1XMK_A.pdb
1248340960 121184 chains/1XS1_A.pdb
485732374 228509 chains/1XSZ_A.pdb
2705860812 83843 chains/1XT5_A.pdb
446404322 74528 chains/1XTY_A.pdb
3990477960 266093 chains/1XV5_A.pdb
4112473678 68777 chains/1XW3_A.pdb
3106724217 183797 chains/1XX1_A.pdb
2582105417 42128 chains/1XYI_A.pdb
1821372357 212714 chains/1Y1P_A.pdb
1155927950 102392 chains/1Y60_D.pdb
447529741 442916 chains/1Y79_1.pdb
2510514395 79307 chains/1Y7R_A.pdb
2766153172 144188 chains/1Y89_A.pdb
1726751054 94130 chains/1Y9W_A.pdb
142218279 102635 chains/1YB0_B.pdb
3388797426 166625 chains/1YB6_A.pdb
537808854 33137 chains/1YBK_A.pdb
107468825 219437 chains/1YFQ_A.pdb
2851062914 122075 chains/1YG6_A.pdb
93331375 205748 chains/1YG9_A.pdb
3468522011 539954 chains/1YGE_A.pdb
3312174446 170108 chains/1YIX_A.pdb
3328128900 61568 chains/1YN3_A.pdb
1147621496 91133 chains/1YOC_B.pdb
3873190009 78416 chains/1YOZ_B.pdb
2435400602 152693 chains/1YP0_A.pdb
199662257 154556 chains/1YQG_A.pdb
2970481173 81170 chains/1YRK_A.pdb
4284910535 234503 chains/1YW9_A.pdb
1799699955 121670 chains/1YZF_A.pdb
526860317 95183 chains/1Z2U_A.pdb
1042217589 110006 chains/1Z6M_A.pdb
845460593 26495 chains/1Z8J_A.pdb
433926071 207854 chains/1ZCM_A.pdb
107985568 101339 chains/1ZD7_A.pdb
3273827780 224783 chains/1ZHH_A.pdb
899893567 70073 chains/1ZHS_A.pdb
2396778753 82061 chains/1ZHV_A.pdb
3268940919 363779 chains/1ZJA_A.pdb
1003156104 151559 chains/1ZK4_A.pdb
2047410930 53549 chains/1ZKE_D.pdb
1815353764 52010 chains/1ZT3_A.pdb
4139620580 165329 chains/1ZTW_A.pdb
4061482207 102635 chains/1ZV9_A.pdb
1311612992 40103 chains/1ZW0_D.pdb
3933448484 193355 chains/1ZXX_A.pdb
3313895938 50714 chains/1ZZI_A.pdb
2306760120 165977 chains/2A40_B.pdb
2967817826 141677 chains/2A6Z_A.pdb
4266656981 76391 chains/2A7B_A.pdb
585485129 134063 chains/2ABK_A.pdb
1026409883 44153 chains/2AD6_B.pdb
2823907966 101096 chains/2AG4_A.pdb
1768954251 131228 chains/2AH5_A.pdb
2220428386 245843 chains/2AHF_A.pdb
2755476775 57842 chains/2AIB_A.pdb
2116344383 97289 chains/2AIR_B.pdb
3274461345 188657 chains/2AKA_B.pdb
3616059540 266660 chains/2AL1_A.pdb
1228826672 227699 chains/2APC_A.pdb
1338778806 107900 chains/2ARC_B.pdb
3063961733 163871 chains/2AXW_A.pdb
580355242 50147 chains/2AYD_A.pdb
1169526624 120455 chains/2B0A_A.pdb
3914605070 84086 chains/2B1L_B.pdb
3374956730 224135 chains/2B5W_A.pdb
4275452996 134225 chains/2B82_A.pdb
4053094637 32408 chains/2B9D_A.pdb
1651913275 263582 chains/2BB6_A.pdb
2908437693 116891 chains/2BBA_A.pdb
67909999 29492 chains/2BEQ_D.pdb
690691790 43748 chains/2BEZ_C.pdb
3230158413 193355 chains/2BG5_A.pdb
1200280308 327086 chains/2BJK_A.pdb
4272493517 62864 chains/2BK8_A.pdb
1523241080 195056 chains/2BK9_A.pdb
1123097472 84248 chains/2BKM_A.pdb
2147249151 134144 chains/2BKR_A.pdb
3876708688 153746 chains/2BKX_A.pdb
1111742706 42938 chains/2BL0_A.pdb
48410863 91376 chains/2BL0_C.pdb
3987985481 229400 chains/2BLF_A.pdb
362925740 131957 chains/2BMO_B.pdb
2017509332 63188 chains/2BO1_A.pdb
1506900298 54845 chains/2BOP_A.pdb
3287112049 55736 chains/2BT9_A.pdb
459381161 51605 chains/2BW3_B.pdb
1171269110 246086 chains/2BWR_A.pdb
1479763564 228590 chains/2C1L_A.pdb
22170461 65942 chains/2C3G_A.pdb
2496676805 154880 chains/2C4N_A.pdb
1442707409 82709 chains/2C6U_A.pdb
3727855770 123047 chains/2CAR_A.pdb
1877393958 170108 chains/2CCH_B.pdb
865188454 63188 chains/2CCQ_A.pdb
2131080116 82628 chains/2CD7_A.pdb
638056324 106685 chains/2CE2_X.pdb
1844674386 347903 chains/2CFM_A.pdb
1284874150 56951 chains/2CG7_A.pdb
4000697988 170918 chains/2CI1_A.pdb
810953698 186956 chains/2CIW_A.pdb
3384600959 174563 chains/2CMG_A.pdb
4095705319 74852 chains/2CO6_A.pdb
3098954868 28763 chains/2CPG_B.pdb
2623219588 34190 chains/2CS7_A.pdb
2178354594 82466 chains/2CU5_A.pdb
1933995306 54683 chains/2CVI_A.pdb
3750099650 72908 chains/2CVL_A.pdb
1162096790 61244 chains/2CWY_A.pdb
2653899927 78983 chains/2CX7_B.pdb
1136354468 357704 chains/2CXN_A.pdb
3447077208 111383 chains/2CY2_A.pdb
1293944458 83438 chains/2CYE_C.pdb
549287206 191492 chains/2CYG_A.pdb
2585435215 77282 chains/2CYJ_A.pdb
3853701085 138923 chains/2D3Y_A.pdb
2310899144 69749 chains/2D58_A.pdb
1643687979 332108 chains/2D5B_A.pdb
1644047694 26981 chains/2D7C_C.pdb
1826131090 149291 chains/2DC1_A.pdb
884563218 224540 chains/2DEI_A.pdb
380557756 68210 chains/2DFX_I.pdb
3494597282 110735 chains/2DG5_B.pdb
3731637975 372446 chains/2DJI_A.pdb
3905274519 93401 chains/2DKO_A.pdb
1615449906 68291 chains/2DKO_B.pdb
2256454726 82709 chains/2DP9_A.pdb
843397506 79307 chains/2DQL_A.pdb
4046080555 92105 chains/2DT4_A.pdb
2974619803 173672 chains/2DT8_A.pdb
444134023 148400 chains/2E1H_B.pdb
1548139374 114056 chains/2E2D_C.pdb
2749432847 182825 chains/2E2O_A.pdb
3383579572 244547 chains/2E54_A.pdb
1622198582 94130 chains/2E56_A.pdb
1734857256 210203 chains/2E5F_A.pdb
2822554421 82709 chains/2E5Y_A.pdb
3987627922 85301 chains/2E8E_A.pdb
801632781 169622 chains/2EB6_A.pdb
2881097540 67967 chains/2EBE_A.pdb
4158463625 48770 chains/2EBO_A.pdb
2157655481 91538 chains/2ECU_A.pdb
2767790920 146051 chains/2EG4_A.pdb
733182363 151964 chains/2EGV_A.pdb
1583388938 63755 chains/2EKY_B.pdb
1737808641 99233 chains/2EO4_A.pdb
4119860755 130337 chains/2ERF_A.pdb
4133671119 92591 chains/2ERV_A.pdb
1293362327 120779 chains/2ET1_A.pdb
4123782913 151154 chains/2EYI_A.pdb
667061028 170756 chains/2F1K_A.pdb
2811567848 504800 chains/2F2H_A.pdb
3779151894 198296 chains/2F4M_A.pdb
635810031 152126 chains/2F5T_X.pdb
3637989467 101825 chains/2F6L_A.pdb
2259687893 313478 chains/2FBA_A.pdb
400778854 77525 chains/2FC3_A.pdb
773281524 109115 chains/2FE7_B.pdb
2625291031 199430 chains/2FGR_A.pdb
3956436544 79469 chains/2FIP_A.pdb
1048993231 56546 chains/2FJ9_A.pdb
1286646680 118511 chains/2FJR_A.pdb
2455870767 38483 chains/2FMA_A.pdb
3422123593 110330 chains/2FPH_X.pdb
2667077753 124748 chains/2FRE_A.pdb
562666134 65294 chains/2FRG_P.pdb
3780287861 78254 chains/2FTB_A.pdb
2296132537 157715 chains/2FX5_A.pdb
3665161784 89918 chains/2FY6_A.pdb
1658011262 77849 chains/2FYG_A.pdb
3018274163 588149 chains/2GAG_A.pdb
1096910767 81980 chains/2GAX_A.pdb
2552300129 95345 chains/2GDM_A.pdb
1399936797 89837 chains/2GEC_B.pdb
2199431887 165572 chains/2GGC_A.pdb
4256321519 176993 chains/2GGS_A.pdb
1529654500 239849 chains/2GH4_A.pdb
4175272184 171890 chains/2GKE_A.pdb
3021922441 40265 chains/2GOM_A.pdb
2735760668 58085 chains/2GPI_A.pdb
3552892155 147590 chains/2GQR_A.pdb
129489919 72584 chains/2GUD_A.pdb
2303779935 128960 chains/2GWM_A.pdb
3095973332 126530 chains/2GXQ_A.pdb
2015292471 87731 chains/2H1C_A.pdb
1440634897 63917 chains/2H3L_A.pdb
787158800 221543 chains/2H5C_A.pdb
148214829 78011 chains/2H8E_A.pdb
585207033 132362 chains/2HAL_A.pdb
1003320121 32246 chains/2HBA_A.pdb
3064127348 66509 chains/2HC8_A.pdb
2861493370 99881 chains/2HD9_A.pdb
3506801764 188171 chains/2HE7_A.pdb
713394733 119645 chains/2HIY_D.pdb
1936868576 45206 chains/2HNU_A.pdb
757284650 279215 chains/2HOX_B.pdb
1912698307 270872 chains/2HP3_A.pdb
2006113632 247139 chains/2HQ0_A.pdb
720644536 207773 chains/2HRZ_A.pdb
35047814 61325 chains/2HS1_A.pdb
2623841109 80036 chains/2HSB_A.pdb
2012833239 138275 chains/2HSJ_D.pdb
1977457356 92348 chains/2HUH_A.pdb
3469092290 83438 chains/2HY5_A.pdb
77403687 200726 chains/2HYV_A.pdb
412697660 54764 chains/2HZC_A.pdb
2008888540 74366 chains/2I0T_H.pdb
1773768431 128960 chains/2I7D_A.pdb
969527964 69101 chains/2IAY_A.pdb
3087697491 127502 chains/2ID6_A.pdb
3375912334 118025 chains/2IFV_A.pdb
1215735577 156662 chains/2IJX_A.pdb
1639809330 126692 chains/2IMF_A.pdb
507009011 88136 chains/2IN0_A.pdb
2619783402 325466 chains/2INC_A.pdb
2733244282 213929 chains/2INC_B.pdb
2474070198 140867 chains/2IS9_A.pdb
711101577 130985 chains/2IVF_C.pdb
3634198159 128960 chains/2IXL_C.pdb
3365120334 27386 chains/2IZX_B.pdb
2290950403 142244 chains/2J43_A.pdb
2696908520 367991 chains/2J45_A.pdb
3429555736 38888 chains/2J5Y_A.pdb
1496662689 70154 chains/2J6B_A.pdb
1361373740 56951 chains/2J7J_A.pdb
570357792 140300 chains/2J7Q_A.pdb
2458877669 66104 chains/2J9V_A.pdb
336008593 64484 chains/2JDJ_A.pdb
4102230458 138194 chains/2JFR_A.pdb
3628789135 336077 chains/2JGP_A.pdb
1752197851 225593 chains/2JHF_A.pdb
4101182629 153827 chains/2KIN_A.pdb
1204641146 63026 chains/2KIN_B.pdb
1211567725 60920 chains/2MCM_A.pdb
4220517428 156014 chains/2MHR_A.pdb
2517599663 218546 chains/2MNR_A.pdb
653602096 68534 chains/2NLL_B.pdb
4115430464 71693 chains/2NLV_A.pdb
997746413 84005 chains/2NSZ_A.pdb
709798088 137141 chains/2NTE_A.pdb
3856075877 211337 chains/2NTP_A.pdb
598454123 239444 chains/2NV9_B.pdb
1189297871 122885 chains/2NW0_A.pdb
2196510094 170675 chains/2NWF_A.pdb
3963322973 167273 chains/2NXG_A.pdb
194380473 163547 chains/2NXV_A.pdb
2349305246 64565 chains/2NZ7_B.pdb
1730971725 259208 chains/2O4V_A.pdb
3890562403 107819 chains/2O99_C.pdb
2922016918 44072 chains/2O9S_A.pdb
821072133 207854 chains/2OB1_A.pdb
2420963789 203642 chains/2OB3_A.pdb
9920233 78983 chains/2OC6_A.pdb
202481586 63107 chains/2OD4_A.pdb
2476688708 66023 chains/2OD6_A.pdb
1222054906 151802 chains/2ODI_A.pdb
2122836777 170189 chains/2OF3_A.pdb
1973560807 91862 chains/2OFC_A.pdb
3775136149 117458 chains/2OFK_B.pdb
1073103889 79307 chains/2OGF_B.pdb
3474618129 273140 chains/2OIT_A.pdb
2400364214 227213 chains/2OIZ_B.pdb
3193058246 223568 chains/2OKT_A.pdb
2216434020 89594 chains/2ONF_A.pdb
3538128744 203399 chains/2ONS_A.pdb
221745994 194651 chains/2OR2_A.pdb
793489631 107738 chains/2OU5_A.pdb
1930061294 65132 chains/2OV0_A.pdb
2727270014 126530 chains/2OVJ_A.pdb
2244169710 72422 chains/2OVS_A.pdb
1383660232 79712 chains/2OWP_A.pdb
4275179988 65942 chains/2OXG_A.pdb
873962860 87326 chains/2OZH_A.pdb
2096081481 232559 chains/2P8B_A.pdb
2437473516 75338 chains/2P8I_A.pdb
3355528137 124181 chains/2P97_A.pdb
2833052382 163061 chains/2P9H_A.pdb
3147006858 142892 chains/2PBK_A.pdb
3955361923 158930 chains/2PBL_A.pdb
731099146 96641 chains/2PCN_A.pdb
3821170019 112355 chains/2PFX_A.pdb
1567157399 190277 chains/2PFZ_A.pdb
3043143672 78416 chains/2PND_A.pdb
2658807737 36539 chains/2PNE_A.pdb
11070507 179747 chains/2POR_A.pdb
95030951 191492 chains/2PQT_A.pdb
4174025492 148643 chains/2PQX_A.pdb
1225293236 80603 chains/2PR7_A.pdb
284649365 100043 chains/2PRV_A.pdb
3532818226 78578 chains/2PSP_A.pdb
3515389158 70559 chains/2PU9_A.pdb
3216299899 62621 chains/2PV2_A.pdb
894348526 87083 chains/2PV4_A.pdb
1679340872 64970 chains/2PVB_A.pdb
1457633397 124262 chains/2PVQ_A.pdb
2233014321 69668 chains/2PY0_A.pdb
1811822136 326438 chains/2PYX_A.pdb
3944763747 190682 chains/2Q0L_A.pdb
3774678116 153422 chains/2Q35_A.pdb
2605249114 1236392 chains/2Q46_A.pdb
1786128765 227294 chains/2Q71_A.pdb
2360349207 154394 chains/2Q88_A.pdb
3270621874 55736 chains/2Q9V_A.pdb
2631313129 141353 chains/2QC1_B.pdb
2722775588 50390 chains/2QCP_X.pdb
3405641059 324575 chains/2QCU_B.pdb
1331699557 96317 chains/2QEV_A.pdb
1516903420 43667 chains/2QFA_B.pdb
1255889060 133091 chains/2QHT_A.pdb
252114495 62783 chains/2QJL_A.pdb
1379170850 103121 chains/2QJW_A.pdb
1186469321 65618 chains/2QLX_A.pdb
2542295585 137465 chains/2QMO_A.pdb
3248036613 101825 chains/2QNL_A.pdb
1895606145 237824 chains/2QPX_A.pdb
2237148292 83600 chains/2QQ4_A.pdb
775751614 53630 chains/2QT7_B.pdb
1186805035 125558 chains/2QTR_A.pdb
4265929975 372689 chains/2QUB_A.pdb
3873894773 77444 chains/2QUD_A.pdb
1047785969 188414 chains/2QVB_A.pdb
1069035900 61082 chains/2QWO_B.pdb
1044774081 97451 chains/2QZQ_A.pdb
381212505 77039 chains/2R4I_A.pdb
1059919414 164033 chains/2RBK_A.pdb
1256600822 69749 chains/2RFF_A.pdb
4106264783 155609 chains/2RG9_A.pdb
3453710918 76553 chains/2RH3_A.pdb
2503384142 121265 chains/2RJ2_A.pdb
864808689 55007 chains/2RJI_A.pdb
3492691133 33542 chains/2RKL_A.pdb
3525220347 104903 chains/2RKQ_A.pdb
3034161628 79631 chains/2SAK_A.pdb
1025319407 110816 chains/2SCP_A.pdb
894822219 69911 chains/2SPC_A.pdb
1477248151 72098 chains/2TGI_A.pdb
3984679309 146537 chains/2UU8_A.pdb
687810782 97856 chains/2UUI_A.pdb
2278722775 123695 chains/2UVP_C.pdb
3900067286 179261 chains/2UWA_A.pdb
3140315705 214658 chains/2UXY_A.pdb
245840620 38726 chains/2V1Q_A.pdb
3448279269 52658 chains/2V33_A.pdb
3912347288 260180 chains/2V3I_A.pdb
2232011783 153584 chains/2V4N_A.pdb
3986235042 78254 chains/2V4V_A.pdb
1071863052 91862 chains/2V6A_I.pdb
36108329 135683 chains/2V6K_A.pdb
1443882727 350252 chains/2V8I_A.pdb
2927640908 190034 chains/2V8T_A.pdb
3519834076 341180 chains/2V9L_A.pdb
2508703689 175616 chains/2V9V_A.pdb
1830510642 158525 chains/2VB1_A.pdb
1935699024 99233 chains/2VBO_A.pdb
74476044 134225 chains/2VFX_E.pdb
677344030 144026 chains/2VG0_A.pdb
1281353411 28439 chains/2VGP_D.pdb
2026863118 118025 chains/2VHE_A.pdb
3659409415 69911 chains/2VKJ_A.pdb
3272120039 124424 chains/2VTW_A.pdb
3307604932 228995 chains/2VU1_B.pdb
1635168388 74528 chains/2VZP_B.pdb
3177768878 87974 chains/2W0G_A.pdb
853589607 87083 chains/2W0I_A.pdb
1801676896 182015 chains/2W39_A.pdb
2550291504 322874 chains/2W40_B.pdb
805028971 134225 chains/2W43_A.pdb
1050258839 279458 chains/2W5Q_A.pdb
1848020732 63188 chains/2W7A_A.pdb
1818058773 47312 chains/2W8X_A.pdb
3673311825 93401 chains/2WCU_A.pdb
3229206940 107333 chains/2WFR_A.pdb
577898029 187280 chains/2WHL_A.pdb
4235449267 95750 chains/2WKK_A.pdb
3647123391 120050 chains/2WL1_A.pdb
1240442268 92267 chains/2WLV_A.pdb
3501444275 138356 chains/2WNP_F.pdb
2498154651 59867 chains/2WT8_A.pdb
3038112158 176345 chains/2WW4_A.pdb
2400363260 90566 chains/2WZO_A.pdb
496370207 85949 chains/2X46_A.pdb
3842202286 217007 chains/2X49_A.pdb
265186140 266660 chains/2X5O_A.pdb
2603477432 206477 chains/2X5X_A.pdb
938460320 173915 chains/2X63_A.pdb
2160060779 148319 chains/2X8X_X.pdb
999627171 394721 chains/2X97_A.pdb
607714580 160388 chains/2X9Z_A.pdb
130483643 70964 chains/2XBP_A.pdb
3873298419 461789 chains/2XDW_A.pdb
2778769901 54035 chains/2XET_A.pdb
2863760752 43586 chains/2XI8_A.pdb
881175565 299384 chains/2XJP_A.pdb
1517675319 65942 chains/2XKI_A.pdb
4208227646 177965 chains/2XMR_A.pdb
383448476 75905 chains/2XOE_A.pdb
828471115 116567 chains/2XOV_A.pdb
2269605704 58895 chains/2XQQ_B.pdb
3964885050 64970 chains/2XRH_A.pdb
1000888768 231830 chains/2XU3_A.pdb
2565169108 75176 chains/2XU8_A.pdb
1302386072 100205 chains/2XVS_A.pdb
1950561326 96317 chains/2XXN_A.pdb
3247195424 42533 chains/2XZ2_A.pdb
1881842158 240011 chains/2Y24_A.pdb
1227535588 104093 chains/2Y3V_B.pdb
880123363 108872 chains/2Y44_A.pdb
760915738 102716 chains/2Y6H_A.pdb
936210902 50633 chains/2Y72_A.pdb
3095806579 88055 chains/2Y7B_A.pdb
743726931 191492 chains/2Y7L_A.pdb
4187195770 146132 chains/2Y88_A.pdb
871306148 137384 chains/2Y8W_A.pdb
1632121098 170675 chains/2YCI_X.pdb
2298574802 130661 chains/2YKZ_A.pdb
3360466535 66104 chains/2YNY_A.pdb
1233034628 139328 chains/2YVS_A.pdb
1683906574 135926 chains/2YWR_A.pdb
1104559299 205424 chains/2YXN_A.pdb
383625582 106361 chains/2YZH_D.pdb
1201090311 43505 chains/2YZT_A.pdb
2345961111 141191 chains/2Z0J_A.pdb
3295346607 127097 chains/2Z0Z_A.pdb
2394214541 188495 chains/2Z2O_C.pdb
1709475314 40508 chains/2Z30_B.pdb
3663265544 74852 chains/2Z3R_E.pdb
2029608093 84167 chains/2Z3V_A.pdb
3126507502 165896 chains/2Z4U_A.pdb
1652241451 94859 chains/2Z51_A.pdb
3652549797 74285 chains/2Z5E_A.pdb
2181548107 77201 chains/2Z5W_A.pdb
2163626166 169136 chains/2Z6R_B.pdb
47530247 236204 chains/2Z9W_A.pdb
1814125834 147509 chains/2ZD2_A.pdb
2527200230 74204 chains/2ZDP_A.pdb
1549797844 166949 chains/2ZE3_A.pdb
2261948157 92105 chains/2ZEX_A.pdb
471017532 46178 chains/2ZFZ_D.pdb
1276903510 155204 chains/2ZGI_D.pdb
1359209192 203885 chains/2ZGY_A.pdb
1437971093 112436 chains/2ZK9_X.pdb
468960472 133334 chains/2ZKD_A.pdb
3921804343 113084 chains/2ZNR_A.pdb
1925288213 88622 chains/2ZS0_C.pdb
1924978989 250622 chains/2ZYJ_A.pdb
4194818807 118916 chains/2ZYZ_B.pdb
2300822219 156824 chains/2ZZJ_A.pdb
3095613550 325952 chains/3A09_A.pdb
2271552763 64241 chains/3A0S_A.pdb
2029452573 100934 chains/3A0W_A.pdb
2198731461 283994 chains/3A3D_A.pdb
441558837 68534 chains/3A4C_A.pdb
1925968848 97775 chains/3A4R_A.pdb
1126064228 176669 chains/3A5F_A.pdb
1694634765 75014 chains/3A6R_A.pdb
717571445 134144 chains/3A8G_B.pdb
1959933331 226160 chains/3AAP_A.pdb
2678260235 264554 chains/3ACP_A.pdb
2654364218 179909 chains/3AG6_A.pdb
2278080425 70478 chains/3AGN_A.pdb
2423387467 380384 chains/3AHN_A.pdb
1689677742 134306 chains/3AI9_X.pdb
2672082329 145970 chains/3AJ4_A.pdb
1982676855 101015 chains/3AKB_A.pdb
397903937 128879 chains/3AKC_A.pdb
2387114528 119240 chains/3AKS_A.pdb
2183703493 163385 chains/3B0T_A.pdb
80151856 366047 chains/3B0X_A.pdb
1961414977 178856 chains/3B35_A.pdb
1570299874 197243 chains/3B50_A.pdb
424418323 70235 chains/3B64_A.pdb
130034251 92996 chains/3B8F_B.pdb
2096911226 135116 chains/3B8Z_A.pdb
545807027 232964 chains/3B9Y_A.pdb
3378527567 98018 chains/3BBB_A.pdb
2304780729 124100 chains/3BDI_A.pdb
3321941713 65942 chains/3BDQ_B.pdb
3888968166 120779 chains/3BDV_A.pdb
3153437152 238796 chains/3BEO_A.pdb
1265952893 163466 chains/3BF7_A.pdb
2091792299 315017 chains/3BH4_A.pdb
2693697165 127178 chains/3BKZ_A.pdb
4059476302 110492 chains/3BOD_A.pdb
2168745222 131147 chains/3BOH_A.pdb
2505888738 49094 chains/3BQP_A.pdb
1271339739 70397 chains/3BS1_A.pdb
2398211628 210689 chains/3BV4_A.pdb
2237342800 53954 chains/3BZY_B.pdb
1649545867 190601 chains/3C18_A.pdb
2304755477 351062 chains/3C2U_A.pdb
2402346395 123857 chains/3C7M_A.pdb
1393200236 132605 chains/3C7X_A.pdb
2391217346 148562 chains/3C8C_A.pdb
3648485680 361349 chains/3C8Y_A.pdb
3326898186 145808 chains/3C9I_B.pdb
990664217 266579 chains/3CC1_A.pdb
1407214247 51686 chains/3CCD_A.pdb
3279320085 169460 chains/3CH0_A.pdb
2399618257 82304 chains/3CIP_G.pdb
4025929743 42533 chains/3CJS_B.pdb
14460721 138194 chains/3CLA_A.pdb
851431815 123614 chains/3CNH_A.pdb
3527019734 100772 chains/3CNV_C.pdb
983752487 87731 chains/3CO1_A.pdb
1995789725 151640 chains/3CQL_A.pdb
673383068 204371 chains/3CU9_A.pdb
4139923658 146537 chains/3CVJ_A.pdb
2207380080 270872 chains/3CX5_A.pdb
2448871168 221543 chains/3CX5_B.pdb
731118757 250298 chains/3CX5_C.pdb
3744218900 82547 chains/3CX5_G.pdb
2872089766 62621 chains/3CX5_H.pdb
1963156788 98747 chains/3CY4_B.pdb
1407590451 235556 chains/3CZ7_A.pdb
3925304545 107495 chains/3CZX_A.pdb
1566747264 175211 chains/3D03_A.pdb
3483339200 60677 chains/3D10_A.pdb
2039249696 89270 chains/3D1K_A.pdb
1504364486 54521 chains/3D3B_J.pdb
253882358 271925 chains/3D3Y_A.pdb
2102488884 68939 chains/3D5J_A.pdb
4141998932 74447 chains/3D78_A.pdb
1848427619 306350 chains/3DAN_A.pdb
3855085404 80765 chains/3DB7_A.pdb
3966799859 71693 chains/3DCX_A.pdb
670935101 29168 chains/3DDT_A.pdb
589111270 163466 chains/3DHA_A.pdb
3309110704 66104 chains/3DHI_E.pdb
1779068946 136898 chains/3DLC_A.pdb
582762854 216602 chains/3DPG_A.pdb
4226442792 118106 chains/3DPJ_A.pdb
4244953537 134225 chains/3DQP_A.pdb
499461678 66347 chains/3DQY_A.pdb
894343438 396422 chains/3DT7_A.pdb
3053862088 196919 chains/3DWG_A.pdb
1093972437 153503 chains/3E0X_A.pdb
322441305 87245 chains/3E1E_C.pdb
3900674894 315908 chains/3E2D_A.pdb
1605232925 179666 chains/3E48_B.pdb
3011811082 116405 chains/3E4G_A.pdb
2573193662 211175 chains/3E8M_A.pdb
2032842636 72665 chains/3E9V_A.pdb
3468173563 80360 chains/3EBT_A.pdb
2133153781 222272 chains/3ECM_A.pdb
1048910897 130661 chains/3EDH_A.pdb
3105959741 182663 chains/3EDN_A.pdb
510814072 93968 chains/3EDO_A.pdb
919922987 158606 chains/3EGV_A.pdb
672446554 799478 chains/3EGW_A.pdb
3580458643 144269 chains/3EGW_C.pdb
2827328983 56141 chains/3EIP_A.pdb
1152521303 81008 chains/3EN8_A.pdb
1549710036 74042 chains/3ENU_A.pdb
418051287 61568 chains/3EO6_A.pdb
2635994498 136007 chains/3EO8_A.pdb
2249568772 69830 chains/3EPV_A.pdb
4175888483 139085 chains/3ESL_B.pdb
1479176460 230777 chains/3EUO_A.pdb
93644805 109034 chains/3EWO_A.pdb
2237524162 204047 chains/3EXE_B.pdb
3899174809 68777 chains/3F14_A.pdb
2835321196 128798 chains/3F4W_A.pdb
3870553153 178046 chains/3F7W_A.pdb
2762960436 146456 chains/3FCI_A.pdb
3647728196 232478 chains/3FDB_A.pdb
374518093 70640 chains/3FF2_A.pdb
4001004439 75095 chains/3FF9_A.pdb
793402169 222515 chains/3FFR_A.pdb
1405107782 118268 chains/3FFV_A.pdb
1887494695 97208 chains/3FG9_A.pdb
3104506539 44720 chains/3FGH_A.pdb
780859740 81089 chains/3FGY_A.pdb
650250060 91538 chains/3FH2_A.pdb
3655863176 138275 chains/3FHG_A.pdb
4225531608 185822 chains/3FID_A.pdb
80032750 34838 chains/3FIL_A.pdb
3083972690 199430 chains/3FIQ_B.pdb
2819673704 146699 chains/3FJ7_A.pdb
3503223803 41804 chains/3FJU_B.pdb
4128252221 73070 chains/3FKA_B.pdb
683942764 63593 chains/3FPU_A.pdb
2634115384 99071 chains/3FS5_A.pdb
2684856171 75176 chains/3FS9_A.pdb
3012824261 65051 chains/3FT1_A.pdb
550505070 71774 chains/3FU1_A.pdb
3574064238 316475 chains/3FW9_A.pdb
958285746 259613 chains/3FWG_B.pdb
3364135423 169703 chains/3FYD_A.pdb
1693983931 95669 chains/3G16_A.pdb
2564331072 48284 chains/3G21_A.pdb
3476135737 155609 chains/3G3S_A.pdb
455777675 90971 chains/3G46_A.pdb
1152002510 187928 chains/3G4E_A.pdb
3226636780 359810 chains/3G5T_A.pdb
1000934607 268361 chains/3G77_A.pdb
3466350085 276866 chains/3G8D_B.pdb
1886422638 244466 chains/3G8Y_A.pdb
3103644836 69182 chains/3G98_A.pdb
3428563648 88379 chains/3GA3_A.pdb
2962400717 163628 chains/3GAE_A.pdb
2144606774 125477 chains/3GAG_A.pdb
4207406793 133982 chains/3GD8_A.pdb
4142629869 323522 chains/3GDP_A.pdb
1525660523 73961 chains/3GEF_A.pdb
2497725827 163628 chains/3GGH_A.pdb
4259666191 99476 chains/3GMX_A.pdb
2250849286 70721 chains/3GNJ_A.pdb
877561107 180314 chains/3GO5_A.pdb
3137338847 103202 chains/3GQH_A.pdb
847801537 507878 chains/3GSI_A.pdb
3155240997 121508 chains/3GWK_C.pdb
2604790361 159983 chains/3GWM_A.pdb
3310723448 94535 chains/3GZB_A.pdb
3262739104 39212 chains/3H01_A.pdb
551561518 153260 chains/3H0O_A.pdb
2769626555 204776 chains/3H63_A.pdb
584256545 270305 chains/3H6J_A.pdb
3437010122 96398 chains/3H6R_A.pdb
263429276 298250 chains/3H8G_A.pdb
1640428450 182987 chains/3HBN_A.pdb
1999759661 234179 chains/3HCN_A.pdb
3375000464 90728 chains/3HEI_B.pdb
3024203725 77768 chains/3HF5_B.pdb
924037096 225431 chains/3HFW_A.pdb
1621492953 142568 chains/3HIH_A.pdb
2760502132 167030 chains/3HLZ_B.pdb
704500066 111707 chains/3HOI_A.pdb
536594948 164114 chains/3HRG_A.pdb
2162956393 36863 chains/3HSH_A.pdb
3159360145 241469 chains/3HSY_B.pdb
2588477820 53630 chains/3HTY_A.pdb
1622718949 284885 chains/3HY0_A.pdb
3227259763 86840 chains/3I07_B.pdb
1849330196 221300 chains/3I09_A.pdb
1502486030 176426 chains/3I10_A.pdb
2158218752 271682 chains/3IAG_C.pdb
90717657 87650 chains/3IDF_A.pdb
3517916182 134792 chains/3IGS_B.pdb
3307197568 342719 chains/3IHV_A.pdb
2429449769 90728 chains/3IIS_M.pdb
2787260727 95912 chains/3IMK_A.pdb
544137219 92024 chains/3INO_A.pdb
529124504 143864 chains/3IOG_A.pdb
2555683283 205019 chains/3IP0_A.pdb
1678761564 61082 chains/3IPJ_A.pdb
348825588 75176 chains/3IQT_A.pdb
4287554824 149939 chains/3IQU_A.pdb
1895949210 136412 chains/3IR4_A.pdb
2203081550 73799 chains/3IV4_A.pdb
4146767236 71855 chains/3IXS_A.pdb
2107606463 201455 chains/3JRK_A.pdb
3538265368 132524 chains/3JSY_A.pdb
3028601868 218951 chains/3JTM_A.pdb
2766498370 426068 chains/3JU4_A.pdb
1338315032 117134 chains/3JV1_A.pdb
1058421690 158444 chains/3JX7_A.pdb
1141164683 42371 chains/3JXB_C.pdb
3071800146 84815 chains/3JYZ_A.pdb
2382069197 118673 chains/3JZ9_A.pdb
3243065308 88703 chains/3K6Q_A.pdb
3199848084 113003 chains/3KAZ_C.pdb
3141512702 123614 chains/3KB5_A.pdb
1295561728 92267 chains/3KBY_A.pdb
1473277078 334862 chains/3KF3_A.pdb
1300562573 232802 chains/3KHY_A.pdb
170637209 158687 chains/3KJH_A.pdb
3558563030 78902 chains/3KK4_A.pdb
1856437722 64646 chains/3KKF_A.pdb
4223962176 100610 chains/3KLB_A.pdb
2519429451 57680 chains/3KLW_A.pdb
1818222154 145970 chains/3KS6_A.pdb
2248948272 62783 chains/3KSE_D.pdb
4223596834 167921 chains/3KSM_A.pdb
3410151966 148076 chains/3KVD_D.pdb
1235288219 50066 chains/3KZ3_A.pdb
2528497754 71774 chains/3L4H_A.pdb
835782001 105308 chains/3L51_B.pdb
1672024418 181205 chains/3L5I_A.pdb
2758558537 162413 chains/3L6G_A.pdb
3866701700 391157 chains/3L84_A.pdb
2865819406 104660 chains/3L8H_A.pdb
1000335404 375848 chains/3L8W_A.pdb
2497620162 49094 chains/3LAE_A.pdb
3073865622 101663 chains/3LAS_A.pdb
2253352523 85949 chains/3LB2_A.pdb
4265568828 167840 chains/3LFT_A.pdb
1466437674 60110 chains/3LHC_A.pdb
2537106278 62621 chains/3LHR_B.pdb
2152325762 395531 chains/3LIG_A.pdb
440349864 160388 chains/3LP5_A.pdb
3495422835 183473 chains/3LRT_B.pdb
1833453548 105227 chains/3LRU_A.pdb
3436979072 165248 chains/3LUM_A.pdb
1899147856 95345 chains/3LUR_A.pdb
838241327 121103 chains/3LWX_A.pdb
1636813653 211580 chains/3LY1_D.pdb
2026356653 75500 chains/3LYG_A.pdb
2569410229 163466 chains/3LZ6_A.pdb
4233047782 100367 chains/3LZQ_B.pdb
1979696525 144917 chains/3M0Z_D.pdb
869308678 212957 chains/3M5Q_A.pdb
1487026361 179990 chains/3M66_A.pdb
1458202129 81494 chains/3M7A_A.pdb
2837490268 89270 chains/3M7K_A.pdb
3366465932 207125 chains/3M84_B.pdb
399524900 68372 chains/3M86_A.pdb
4108963161 174158 chains/3MAM_A.pdb
743596109 65780 chains/3MAO_A.pdb
687904489 166382 chains/3MB5_A.pdb
4178468656 34028 chains/3MCB_A.pdb
3298423637 190682 chains/3MHP_A.pdb
879594104 157715 chains/3MIL_A.pdb
1791010663 195947 chains/3MJO_A.pdb
2704579818 103850 chains/3MMH_A.pdb
4285144015 66914 chains/3MN2_A.pdb
319086390 207125 chains/3MOZ_A.pdb
2511881202 117701 chains/3MQH_C.pdb
842050282 241712 chains/3MTW_A.pdb
389729524 168893 chains/3MU7_A.pdb
3925150625 226160 chains/3MVI_A.pdb
3322204169 130418 chains/3MVS_A.pdb
3447062034 69911 chains/3MWZ_A.pdb
1897405026 188900 chains/3N08_B.pdb
2175864703 92267 chains/3N1E_B.pdb
1466568387 112112 chains/3N1F_D.pdb
539937947 75257 chains/3N1S_J.pdb
3418679546 121670 chains/3N2N_A.pdb
2974717139 127664 chains/3N6T_A.pdb
1689289958 385973 chains/3N9S_A.pdb
4019170536 90647 chains/3NBC_A.pdb
2468763993 123290 chains/3NCE_A.pdb
2923794956 100205 chains/3NEC_C.pdb
17865311 234584 chains/3NFV_A.pdb
1176392525 196352 chains/3NGV_A.pdb
2244200376 52172 chains/3NIR_A.pdb
2601676059 174887 chains/3NO0_A.pdb
3476266479 149453 chains/3NO3_A.pdb
2072054324 158606 chains/3NO5_E.pdb
695567117 137789 chains/3NOR_A.pdb
1090607234 115433 chains/3NR1_A.pdb
4282722401 183392 chains/3NRE_A.pdb
2068677479 68453 chains/3NSW_A.pdb
619377768 213038 chains/3NVW_B.pdb
750463056 140138 chains/3NWP_A.pdb
3385348305 74204 chains/3NY7_A.pdb
3898691564 236204 chains/3NYC_A.pdb
3082396151 66590 chains/3NZN_A.pdb
2427790662 97370 chains/3O0G_D.pdb
2774457604 139328 chains/3O3F_A.pdb
1651358211 366452 chains/3O4P_A.pdb
3544803513 70640 chains/3O79_B.pdb
4126419379 157958 chains/3OAM_A.pdb
1647613927 303515 chains/3OD3_A.pdb
3383068094 81575 chains/3OGN_A.pdb
3321668888 172214 chains/3OHG_A.pdb
2243729382 98990 chains/3OI8_A.pdb
2842945622 94211 chains/3OMD_A.pdb
2593498322 304568 chains/3OND_B.pdb
4294633334 60920 chains/3ONJ_A.pdb
33730270 149858 chains/3OOI_A.pdb
1018270461 85463 chains/3OOO_A.pdb
1384992306 177155 chains/3OOS_A.pdb
2000135459 155771 chains/3OV9_A.pdb
710334290 235556 chains/3OZ2_A.pdb
210667297 373823 chains/3OZP_A.pdb
2259733704 53954 chains/3OZZ_B.pdb
3795265930 263177 chains/3P3O_A.pdb
3511622714 98747 chains/3P3V_B.pdb
3706589902 89432 chains/3P4H_A.pdb
677579461 168488 chains/3P6L_A.pdb
1516622005 267794 chains/3PGS_A.pdb
1096512774 296954 chains/3PIB_B.pdb
1016789533 337211 chains/3PIJ_B.pdb
2786428550 224054 chains/3PJ0_A.pdb
3549210120 81332 chains/3PKZ_A.pdb
2305831798 156662 chains/3PL0_A.pdb
4163975195 106037 chains/3PM2_A.pdb
31035324 105794 chains/3PMD_A.pdb
2629432303 94697 chains/3PNX_A.pdb
1636861718 51767 chains/3PO0_A.pdb
2274574718 208826 chains/3PSA_A.pdb
329203236 30707 chains/3PSM_A.pdb
2609883703 134144 chains/3PSS_A.pdb
2768428295 98828 chains/3PT8_B.pdb
949907047 95102 chains/3PVH_A.pdb
1137904669 84086 chains/3PYC_A.pdb
562196323 183635 chains/3Q1N_A.pdb
3052935951 118106 chains/3Q46_A.pdb
2953563051 85220 chains/3Q6A_B.pdb
2955799632 113813 chains/3QAY_A.pdb
3413155100 126935 chains/3QB8_A.pdb
2797552293 121103 chains/3QBM_A.pdb
388741733 85301 chains/3QM9_A.pdb
3649573392 65699 chains/3QMQ_C.pdb
2343482471 115514 chains/3QP8_B.pdb
2603255287 230696 chains/3QPA_A.pdb
357016243 139814 chains/3QQI_A.pdb
375891565 134144 chains/3QR7_A.pdb
1205169466 280349 chains/3QRY_A.pdb
986639609 249812 chains/3QVS_A.pdb
767513359 190358 chains/3QYJ_A.pdb
4016275906 102149 chains/3R2K_A.pdb
755523486 127988 chains/3R2Q_A.pdb
3142196573 133253 chains/3R6D_A.pdb
1221209753 158606 chains/3R72_A.pdb
3351928476 119726 chains/3R90_J.pdb
2619831648 242360 chains/3R9M_A.pdb
2011921267 97289 chains/3RBA_A.pdb
3541365915 45530 chains/3RDV_D.pdb
1582596154 330245 chains/3RF3_B.pdb
2894209831 207692 chains/3RJU_A.pdb
127357133 88784 chains/3RKD_A.pdb
499592881 256940 chains/3RND_A.pdb
2649642630 119159 chains/3RNR_B.pdb
144597871 199511 chains/3ROF_A.pdb
2704742796 211661 chains/3ROW_A.pdb
1546333971 1010483 chains/3RRS_A.pdb
1497110878 82304 chains/3RS1_A.pdb
3685652648 36701 chains/3RU4_B.pdb
1274908038 76391 chains/3S0A_A.pdb
2077081670 90566 chains/3S4E_A.pdb
2704539977 133172 chains/3S57_A.pdb
2965230737 102959 chains/3S9X_A.pdb
1148356841 200645 chains/3SB4_A.pdb
3141405996 173672 chains/3SBM_A.pdb
3695099117 157796 chains/3SEB_A.pdb
2204720771 117539 chains/3SH4_A.pdb
3995156692 40265 chains/3SHG_B.pdb
379952306 85463 chains/3SK2_A.pdb
901494508 148724 chains/3SM4_C.pdb
3275499966 72908 chains/3SNS_A.pdb
3228370091 85949 chains/3SO6_A.pdb
791544176 69020 chains/3SOJ_B.pdb
3335243647 134306 chains/3SP4_B.pdb
1599597030 114866 chains/3SU0_A.pdb
1524517940 85220 chains/3SUM_B.pdb
1566127334 58733 chains/3SWK_A.pdb
2234179295 29573 chains/3SWY_A.pdb
2148773306 195380 chains/3SXE_A.pdb
1431652650 186794 chains/3SXK_A.pdb
3980753602 212309 chains/3SZ3_A.pdb
3676937164 161279 chains/3T6E_H.pdb
482568818 186308 chains/3T7F_A.pdb
3430965377 77849 chains/3T7Z_A.pdb
1382397397 165329 chains/3T94_A.pdb
418661453 119726 chains/3T9G_A.pdb
916913477 101987 chains/3TBN_A.pdb
290971179 66752 chains/3TEQ_B.pdb
4278949984 116000 chains/3TEU_A.pdb
2229421208 252809 chains/3TF0_B.pdb
1747857601 238877 chains/3TFJ_A.pdb
2411182635 82466 chains/3TIP_A.pdb
2307407073 182177 chains/3TKK_A.pdb
2363048285 181205 chains/3TM9_A.pdb
846314750 207368 chains/3TOD_A.pdb
1925320677 162818 chains/3TOS_B.pdb
523563599 196433 chains/3TOW_A.pdb
2680419426 132281 chains/3TRD_A.pdb
1441879904 232073 chains/3TRQ_A.pdb
503562403 148319 chains/3TT9_A.pdb
1850654054 132200 chains/3TU8_A.pdb
2094215225 239201 chains/3TY1_A.pdb
2506296563 66104 chains/3U01_A.pdb
2351130731 168731 chains/3U2U_A.pdb
974324314 88622 chains/3U3G_A.pdb
3316566147 83681 chains/3U5S_A.pdb
1600303224 164924 chains/3U62_A.pdb
384243723 393668 chains/3U9W_A.pdb
17911538 41075 chains/3UFF_A.pdb
830375352 189062 chains/3UHM_A.pdb
1151749001 125639 chains/3UI4_A.pdb
2384229932 56060 chains/3ULJ_B.pdb
3732791915 206639 chains/3UQ8_A.pdb
2957912790 127340 chains/3URY_A.pdb
1258934636 177479 chains/3UUE_A.pdb
377728868 79955 chains/3UUM_B.pdb
2719474231 145403 chains/3UWS_B.pdb
1806412919 170756 chains/3UX3_A.pdb
4135570635 61568 chains/3V1A_A.pdb
288284914 56789 chains/3V3L_B.pdb
982257932 136655 chains/3V8I_A.pdb
4214736015 277595 chains/3VEH_B.pdb
159356906 247301 chains/3VLA_A.pdb
2558140234 260828 chains/3VM4_A.pdb
3661210428 125639 chains/3VN3_A.pdb
4052741246 213848 chains/3VOR_A.pdb
3020083850 179909 chains/3VPB_B.pdb
3629997583 110492 chains/3VRD_A.pdb
4188007988 416915 chains/3VSV_A.pdb
4217261282 102797 chains/3VU0_B.pdb
3592923209 66509 chains/3VUB_A.pdb
183888929 228752 chains/3VUP_A.pdb
1452547764 226403 chains/3VZB_A.pdb
249621203 142487 chains/3VZX_B.pdb
2819128174 42614 chains/3W0E_A.pdb
3642109307 222515 chains/3W0K_A.pdb
1700355249 52901 chains/3W19_C.pdb
3576561073 125882 chains/3W42_A.pdb
1162147533 172943 chains/3W4S_A.pdb
497735764 492245 chains/3W7T_A.pdb
1018171937 220409 chains/3W9V_A.pdb
299510365 255887 chains/3WA1_A.pdb
1463657057 774287 chains/3WA2_X.pdb
375341908 78821 chains/3WDN_A.pdb
1887981608 194732 chains/3WFI_B.pdb
3173241319 116648 chains/3WJT_A.pdb
1162841263 98261 chains/3WMU_B.pdb
447233394 426068 chains/3WOK_A.pdb
1020895913 89108 chains/3WUC_B.pdb
2633240313 80036 chains/3WUZ_A.pdb
90329158 253943 chains/3WX7_A.pdb
4230607965 130094 chains/3WY8_A.pdb
2535760365 162494 chains/3X2M_A.pdb
3617347090 202427 chains/3ZEU_B.pdb
1268626994 179261 chains/3ZIW_A.pdb
2712631854 369206 chains/3ZK4_B.pdb
1456815038 358352 chains/3ZK9_A.pdb
4285448530 127583 chains/3ZNU_A.pdb
186536296 154475 chains/3ZPY_A.pdb
4035453109 120617 chains/3ZQS_A.pdb
4083168973 42614 chains/3ZR8_X.pdb
1021093232 89513 chains/3ZSJ_A.pdb
1261276292 250379 chains/3ZU3_A.pdb
215327493 184688 chains/3ZUC_A.pdb
1879968387 205100 chains/3ZVS_B.pdb
363527692 271601 chains/3ZVW_A.pdb
500516818 131795 chains/3ZYP_A.pdb
2727478207 72341 chains/3ZYW_B.pdb
1142941265 59300 chains/3ZZR_A.pdb
2793013608 105308 chains/4A02_A.pdb
707933985 280916 chains/4A35_A.pdb
3576080425 41480 chains/4A4J_A.pdb
252806184 58085 chains/4A56_A.pdb
3264663387 86597 chains/4A6Q_A.pdb
869379225 89837 chains/4A7U_A.pdb
1109493937 52415 chains/4ABM_A.pdb
832069674 176669 chains/4AC1_X.pdb
690443308 121346 chains/4ACJ_A.pdb
3874129767 105146 chains/4AG7_A.pdb
591063171 39131 chains/4AQR_D.pdb
561505377 133577 chains/4AVS_A.pdb
2000451997 275570 chains/4AZ6_A.pdb
237293733 362240 chains/4B6G_A.pdb
3561177704 335834 chains/4B7H_A.pdb
332505566 178775 chains/4B8Y_A.pdb
1294909936 483092 chains/4BEU_A.pdb
3028507627 66914 chains/4BFO_A.pdb
1859850458 69020 chains/4BGC_A.pdb
719896680 185336 chains/4BGU_A.pdb
1998854829 101987 chains/4BHB_A.pdb
4246443846 103931 chains/4BI3_A.pdb
703654824 157634 chains/4BJ4_A.pdb
1650089756 98990 chains/4BK7_A.pdb
1139470800 319148 chains/4BND_B.pdb
1116779485 222434 chains/4BOJ_C.pdb
508647969 111302 chains/4BPF_A.pdb
257936395 204938 chains/4BQN_A.pdb
1637803450 111464 chains/4BWC_A.pdb
2096702341 211499 chains/4BWC_B.pdb
2755065510 293714 chains/4BWR_A.pdb
2961104660 126368 chains/4BYZ_A.pdb
3221009699 302948 chains/4C23_A.pdb
330051823 168488 chains/4C5K_D.pdb
3522995113 76229 chains/4CCV_A.pdb
2551203143 129851 chains/4CE8_A.pdb
11750000 146861 chains/4CFI_A.pdb
133377076 271682 chains/4CGO_A.pdb
3289103560 417239 chains/4CJN_A.pdb
436375926 206396 chains/4CMF_A.pdb
2294823207 390590 chains/4CMR_A.pdb
1929629859 243494 chains/4CNK_A.pdb
2602815247 121751 chains/4CNL_A.pdb
2263539156 159173 chains/4CV4_A.pdb
4242045116 29978 chains/4CVD_A.pdb
1375681698 786680 chains/4CW4_A.pdb
4270663088 205505 chains/4CZX_A.pdb
2247718843 327329 chains/4D05_A.pdb
996876859 338993 chains/4D1J_D.pdb
3197329363 110573 chains/4D40_A.pdb
568034256 257183 chains/4D5A_A.pdb
3721000869 220571 chains/4DGM_A.pdb
2940774595 248597 chains/4DM1_A.pdb
2447223464 259046 chains/4DO4_B.pdb
1094810070 131957 chains/4DOK_A.pdb
2588390119 59786 chains/4DPB_X.pdb
908114136 77444 chains/4DT5_A.pdb
2590216920 233531 chains/4DVC_A.pdb
3370516618 125396 chains/4DZZ_A.pdb
1081229402 200240 chains/4E15_B.pdb
3446507114 308861 chains/4E1O_C.pdb
3970431367 158768 chains/4E1S_A.pdb
3930502528 109439 chains/4E2U_A.pdb
3767104199 36458 chains/4E5R_A.pdb
2340196506 267794 chains/4EAD_A.pdb
2551407507 209150 chains/4EHX_A.pdb
3154195969 53630 chains/4EIC_A.pdb
2664099465 48608 chains/4EMN_A.pdb
2632981667 94211 chains/4EO7_A.pdb
2651230786 154232 chains/4EOC_A.pdb
2970310705 101582 chains/4EP4_A.pdb
651390452 196271 chains/4EQ7_A.pdb
1694224505 88541 chains/4EQA_A.pdb
2697235991 280673 chains/4EQS_A.pdb
403959192 190034 chains/4ERC_A.pdb
789946540 79469 chains/4ESP_A.pdb
3422459252 117296 chains/4ESQ_A.pdb
4164951791 218465 chains/4ESW_A.pdb
2144195307 191978 chains/4ETX_A.pdb
133167660 61325 chains/4EW5_A.pdb
2924483048 179828 chains/4EWL_A.pdb
3217184526 91376 chains/4EXO_A.pdb
4773129 285776 chains/4EYZ_A.pdb
4151175222 60839 chains/4F2E_A.pdb
1788332879 39860 chains/4F2L_A.pdb
1549248439 79631 chains/4F55_A.pdb
207073373 160307 chains/4F6T_B.pdb
1231416987 294929 chains/4FGL_D.pdb
1756681769 137384 chains/4FN7_A.pdb
1914201184 168893 chains/4FOK_A.pdb
2055865134 59867 chains/4FP5_D.pdb
446213382 159659 chains/4FS3_A.pdb
1648465482 590336 chains/4FYT_A.pdb
828327701 53792 chains/4FZO_A.pdb
2283410204 89594 chains/4G0X_A.pdb
2210144667 241469 chains/4G1X_A.pdb
3025052012 288125 chains/4G3J_A.pdb
1622964112 97289 chains/4G6M_A.pdb
1557735639 81980 chains/4G6T_A.pdb
2467652021 239039 chains/4G9S_A.pdb
128858714 141110 chains/4G9S_B.pdb
3702253299 156824 chains/4GAK_A.pdb
4060162287 96317 chains/4GFX_A.pdb
2044879710 50633 chains/4GIP_A.pdb
2381565140 172376 chains/4GKI_A.pdb
626253211 64484 chains/4GN0_A.pdb
935138486 69587 chains/4GN5_A.pdb
1364234216 32570 chains/4GOF_A.pdb
1068885059 97694 chains/4GQZ_B.pdb
4050684880 181529 chains/4GUZ_A.pdb
866994887 224459 chains/4GV4_A.pdb
950734539 290636 chains/4GXR_A.pdb
1620314188 128474 chains/4H08_A.pdb
3091894269 125639 chains/4H0C_A.pdb
3368492245 116243 chains/4H17_A.pdb
3484272609 119726 chains/4H6A_A.pdb
2353959690 316637 chains/4HA4_A.pdb
3736049479 59543 chains/4HE6_A.pdb
1468571706 168488 chains/4HES_A.pdb
3636242219 133901 chains/4HFQ_A.pdb
36066675 296711 chains/4HGH_A.pdb
253615203 24308 chains/4HGU_A.pdb
3163310078 102473 chains/4HH5_A.pdb
872473776 89027 chains/4HI8_B.pdb
2540245006 281321 chains/4HJL_A.pdb
2694287519 188009 chains/4HO4_B.pdb
1611907976 198620 chains/4HPW_A.pdb
2222893601 53711 chains/4HWH_E.pdb
1091991276 193355 chains/4HWW_A.pdb
273859915 175211 chains/4I4N_A.pdb
1346251711 96317 chains/4I4O_A.pdb
807285023 131957 chains/4I8H_A.pdb
2274870391 89513 chains/4IAB_A.pdb
517868944 257750 chains/4ICS_A.pdb
3374078089 209069 chains/4IG2_A.pdb
680904775 139976 chains/4IJ5_A.pdb
17996847 155123 chains/4ILY_B.pdb
3903853772 89351 chains/4INW_A.pdb
4290240158 218060 chains/4IPI_A.pdb
2984916746 79550 chains/4IPU_A.pdb
822620955 168974 chains/4IRX_A.pdb
944941212 108872 chains/4IWB_A.pdb
3823604406 214091 chains/4IX3_B.pdb
951841088 595844 chains/4J2D_A.pdb
268241596 66185 chains/4J32_B.pdb
3470317 199349 chains/4J5E_X.pdb
1553087323 188090 chains/4J5Q_A.pdb
3914058905 216764 chains/4J8L_A.pdb
3672663089 268361 chains/4JA8_A.pdb
3707434933 281078 chains/4JCH_A.pdb
680917039 94049 chains/4JDE_A.pdb
113843356 94211 chains/4JH2_A.pdb
3677463774 136817 chains/4JHL_A.pdb
1850952848 70640 chains/4JIU_A.pdb
2280125182 268361 chains/4JL5_A.pdb
2377646459 49742 chains/4JM1_A.pdb
229775033 505772 chains/4JN7_A.pdb
1596484188 54683 chains/4JNU_A.pdb
4054948884 176102 chains/4JOQ_A.pdb
1578582131 77282 chains/4JP6_A.pdb
2168162039 290474 chains/4JUI_A.pdb
1246072565 215954 chains/4JVO_A.pdb
1953337534 40670 chains/4K12_A.pdb
2360418731 84572 chains/4K4C_A.pdb
2975042322 86516 chains/4K61_A.pdb
3711085254 279701 chains/4K7C_A.pdb
1405663241 276461 chains/4K7Z_A.pdb
2728187392 51038 chains/4K8M_A.pdb
2521350262 239525 chains/4K90_A.pdb
3197823323 192788 chains/4KE2_A.pdb
2703887080 484469 chains/4KEM_A.pdb
436353551 129284 chains/4KMN_A.pdb
1974154532 135035 chains/4KMY_A.pdb
91105726 149291 chains/4KNV_A.pdb
326804806 198377 chains/4KOA_A.pdb
1238162642 191249 chains/4KQC_A.pdb
4273447313 298169 chains/4KRG_A.pdb
3504528748 107090 chains/4KT6_B.pdb
733630000 57437 chains/4KU0_D.pdb
894745734 55412 chains/4KUN_A.pdb
2937499536 125801 chains/4L07_A.pdb
15975146 155609 chains/4L0C_A.pdb
3266017811 34676 chains/4L0N_A.pdb
3358091864 180557 chains/4L1Y_A.pdb
2963085231 160469 chains/4L2I_B.pdb
1906604534 64808 chains/4L5E_A.pdb
1508932355 127421 chains/4L5R_C.pdb
2393906959 211337 chains/4L6D_A.pdb
3234418077 204533 chains/4LBS_A.pdb
2212221644 186632 chains/4LDC_A.pdb
2328918864 242360 chains/4LEV_A.pdb
2969073106 183635 chains/4LFG_A.pdb
2871569351 107171 chains/4LFL_B.pdb
3594638839 155852 chains/4LHE_A.pdb
382691618 135602 chains/4LQ4_A.pdb
1620822581 79145 chains/4LQB_A.pdb
4276132282 122318 chains/4LUK_A.pdb
4283415022 55898 chains/4LWU_A.pdb
3285998437 183068 chains/4LXQ_B.pdb
3393720896 56384 chains/4M5S_A.pdb
1509882700 99557 chains/4M62_S.pdb
3689475585 143135 chains/4M6R_A.pdb
3610821413 166382 chains/4M7X_A.pdb
125845941 160226 chains/4M8D_D.pdb
1380507168 364022 chains/4MAE_A.pdb
2459274664 229562 chains/4MAM_A.pdb
134970775 78335 chains/4MAX_A.pdb
1256798734 335105 chains/4MB4_A.pdb
1060148819 219680 chains/4MCA_A.pdb
780857014 215873 chains/4MHP_A.pdb
3864457164 212390 chains/4MIY_A.pdb
799038816 73313 chains/4MJD_A.pdb
1029912591 151640 chains/4MKO_A.pdb
585581518 94859 chains/4MRH_A.pdb
963454995 278567 chains/4MRQ_A.pdb
2030302733 32408 chains/4MT2_A.pdb
1735660119 87812 chains/4MTH_A.pdb
1509454318 169784 chains/4MUV_A.pdb
661944718 307322 chains/4MYD_A.pdb
268698452 277514 chains/4MZA_B.pdb
1427636165 186956 chains/4N2P_A.pdb
94498110 34271 chains/4N3X_B.pdb
3572494670 186308 chains/4N7W_A.pdb
3189161726 112436 chains/4NDS_A.pdb
1282227195 58409 chains/4NE3_A.pdb
1276723659 47150 chains/4NE3_B.pdb
2756832532 59300 chains/4NG0_A.pdb
510190858 75257 chains/4NPD_A.pdb
1804372322 128474 chains/4NQG_A.pdb
2807898247 78497 chains/4NTK_A.pdb
511969049 403469 chains/4NUR_A.pdb
3378339463 188576 chains/4NVB_A.pdb
548715403 241874 chains/4NYH_A.pdb
2960021238 130013 chains/4O00_B.pdb
919860377 156338 chains/4O0A_A.pdb
2236111986 169055 chains/4O4B_B.pdb
4203127532 203561 chains/4O59_O.pdb
3318574365 111302 chains/4O6G_A.pdb
345150940 144026 chains/4O7H_A.pdb
2876020808 120455 chains/4O7K_A.pdb
1647698532 59867 chains/4O7Q_A.pdb
268981319 212471 chains/4O89_A.pdb
1320272957 95750 chains/4ODM_C.pdb
3301447763 326033 chains/4OEV_A.pdb
2089083941 42614 chains/4OKV_F.pdb
1955175598 187685 chains/4OM8_A.pdb
4155950296 66185 chains/4OO4_A.pdb
2981374572 371555 chains/4OOX_A.pdb
1753772472 146780 chains/4OPW_A.pdb
1097880718 67886 chains/4ORL_A.pdb
1139065549 49337 chains/4OU6_A.pdb
18181494 292418 chains/4OWT_A.pdb
776817820 103121 chains/4OYD_C.pdb
2911943501 302705 chains/4OYZ_A.pdb
2598682713 242441 chains/4P13_A.pdb
1862172234 277433 chains/4P5P_A.pdb
2646965186 71774 chains/4P6A_A.pdb
462819220 201293 chains/4P7C_A.pdb
2688928879 204533 chains/4PAH_A.pdb
2899521237 197891 chains/4PDC_E.pdb
3338034310 361592 chains/4PF4_A.pdb
3590720384 113651 chains/4PHJ_A.pdb
3190061399 189143 chains/4PHQ_C.pdb
2531846850 183392 chains/4PHR_A.pdb
2895852327 131309 chains/4PID_A.pdb
2550216461 66833 chains/4PQD_A.pdb
3185994533 104336 chains/4PQQ_A.pdb
2659922008 51767 chains/4PS2_A.pdb
2200771828 80927 chains/4PS6_A.pdb
960448604 142811 chains/4PSS_A.pdb
405610965 164195 chains/4PUQ_A.pdb
3151782093 48608 chains/4PYU_A.pdb
2642912901 43667 chains/4PZJ_A.pdb
3613168066 63836 chains/4Q56_A.pdb
217721291 118025 chains/4Q5W_B.pdb
14025242 192140 chains/4Q7I_A.pdb
581615690 9794528 chains/4QA9_A.pdb
2129522802 84086 chains/4QAG_A.pdb
2449447483 88460 chains/4QB4_A.pdb
2183800936 119726 chains/4QBO_A.pdb
2679697882 87812 chains/4QBS_A.pdb
3216353477 124262 chains/4QC6_A.pdb
2477186387 144512 chains/4QCA_A.pdb
2183226426 144026 chains/4QHQ_A.pdb
181460085 125396 chains/4QI3_A.pdb
2621104099 168002 chains/4QJV_A.pdb
818182887 62864 chains/4QJV_B.pdb
1319872757 252566 chains/4QLP_B.pdb
146656045 110816 chains/4QM6_A.pdb
2705826765 120293 chains/4QMD_A.pdb
1887067214 31922 chains/4QPO_A.pdb
2537374757 268685 chains/4QPT_A.pdb
2576224655 90890 chains/4QPW_A.pdb
3919225464 96641 chains/4QT6_A.pdb
2815505774 98099 chains/4QUS_B.pdb
2114727736 222272 chains/4QXB_A.pdb
1596855186 42776 chains/4QXB_B.pdb
2436701547 57842 chains/4QY7_A.pdb
1151965685 73637 chains/4R03_A.pdb
2354433677 41318 chains/4R5R_A.pdb
3681698535 171809 chains/4R6W_A.pdb
780718200 201212 chains/4R73_A.pdb
2429650688 245600 chains/4R9I_A.pdb
3906919009 614312 chains/4REK_A.pdb
3875513619 278405 chains/4REL_A.pdb
1459412282 41318 chains/4RGD_A.pdb
3148374433 229805 chains/4RIF_B.pdb
267995430 145241 chains/4RJ2_A.pdb
3706165745 248435 chains/4RK2_B.pdb
335288484 319877 chains/4RLQ_B.pdb
2871441975 95426 chains/4RPT_A.pdb
3730134152 86435 chains/4RRI_A.pdb
158886726 155285 chains/4RSW_A.pdb
2250178422 72908 chains/4RTZ_A.pdb
2808028323 195299 chains/4RVS_A.pdb
3900221646 70073 chains/4RWW_A.pdb
1657321933 286100 chains/4RXV_A.pdb
986143171 241469 chains/4RZ9_A.pdb
2618353212 182177 chains/4S1H_A.pdb
1348648292 53873 chains/4S36_A.pdb
4066574648 231587 chains/4THI_A.pdb
648185197 100610 chains/4TJV_A.pdb
1587517236 558746 chains/4TKX_L.pdb
4163418655 101825 chains/4TLJ_A.pdb
4000273462 217817 chains/4TMX_B.pdb
530794835 125234 chains/4TNN_A.pdb
3959767929 116243 chains/4TPV_A.pdb
73496608 464138 chains/4TR6_A.pdb
3544956384 16349858 chains/4TZ1_A.pdb
1293338282 124181 chains/4TZH_A.pdb
4268707926 32084 chains/4U1E_B.pdb
4064551273 54116 chains/4U5H_G.pdb
2758538990 100529 chains/4U5R_B.pdb
2330509689 103688 chains/4U7E_B.pdb
337178658 672065 chains/4U9H_L.pdb
2398267773 318662 chains/4U9H_S.pdb
738440710 313721 chains/4UA6_A.pdb
577129848 102716 chains/4UC1_A.pdb
508729802 212795 chains/4UEJ_A.pdb
3594914384 65699 chains/4UHT_A.pdb
3670854840 97937 chains/4ULW_B.pdb
1730894130 102878 chains/4UQW_A.pdb
2810247183 551456 chains/4USA_A.pdb
2486865139 214091 chains/4UU3_A.pdb
1916820166 48932 chains/4V1G_B.pdb
3918031598 261395 chains/4V3C_A.pdb
37153383 149534 chains/4V3Q_A.pdb
1509329517 108629 chains/4W64_A.pdb
1102433928 106685 chains/4W78_C.pdb
2385044604 77849 chains/4W78_F.pdb
3171437806 129608 chains/4W79_A.pdb
1551099668 243980 chains/4W8B_A.pdb
1049922591 178694 chains/4W8P_A.pdb
638902029 212957 chains/4WA0_A.pdb
3188402412 285047 chains/4WES_B.pdb
1625132756 63998 chains/4WHI_A.pdb
1117803625 152450 chains/4WHS_B.pdb
3033676852 93725 chains/4WI0_B.pdb
3922112674 534689 chains/4WJK_A.pdb
3623510669 187604 chains/4WJM_A.pdb
139979121 345311 chains/4WKS_C.pdb
2966688287 102635 chains/4WKT_A.pdb
3223577585 203723 chains/4WQM_A.pdb
3541170245 288449 chains/4WSJ_B.pdb
22086579 67967 chains/4WWR_A.pdb
1277350177 42857 chains/4WY4_A.pdb
2145229586 36215 chains/4WY4_B.pdb
1050536840 50471 chains/4WY4_C.pdb
2716292555 41642 chains/4WY4_D.pdb
1019507526 225998 chains/4WZ4_A.pdb
1262685028 371393 chains/4X1Z_A.pdb
1326065686 159983 chains/4X3L_A.pdb
2415272732 65780 chains/4X43_B.pdb
4011315295 146780 chains/4X7G_A.pdb
3673548223 240173 chains/4XB6_B.pdb
1364562820 112274 chains/4XCW_B.pdb
1938348602 93239 chains/4XDX_A.pdb
2859741273 264554 chains/4XEA_A.pdb
3947374384 101663 chains/4XFS_B.pdb
2610039945 140705 chains/4XHE_B.pdb
4280099554 172862 chains/4XLZ_A.pdb
1284635664 163871 chains/4XMQ_B.pdb
2176021577 35891 chains/4XO1_A.pdb
2346644808 328787 chains/4XO9_A.pdb
783100671 367100 chains/4XOT_A.pdb
3391985616 83033 chains/4XPX_A.pdb
1519690910 590579 chains/4XQC_A.pdb
2113322026 85139 chains/4XRM_B.pdb
3204468204 52739 chains/4XUW_A.pdb
3622912697 45692 chains/4XVV_A.pdb
3538093296 295577 chains/4Y0H_D.pdb
3019687316 38969 chains/4Y2M_A.pdb
4251015583 73718 chains/4Y5D_A.pdb
209755518 129527 chains/4Y7S_A.pdb
2450570124 68858 chains/4Y88_A.pdb
3722672417 73718 chains/4Y9I_A.pdb
3302217657 374228 chains/4Y9J_B.pdb
1873722418 564335 chains/4YB8_A.pdb
57535095 186389 chains/4YDR_A.pdb
4068642391 79145 chains/4YEC_A.pdb
2989699357 247382 chains/4YEP_A.pdb
379512385 376334 chains/4YFU_D.pdb
1775747680 106928 chains/4YG0_A.pdb
3153712334 95102 chains/4YL1_A.pdb
1729114734 184850 chains/4YSL_A.pdb
691268492 426473 chains/4Z10_F.pdb
2594821228 76715 chains/4Z39_A.pdb
3282706092 255077 chains/4Z3G_A.pdb
2117101075 419669 chains/4Z3X_A.pdb
3359655546 176507 chains/4Z49_B.pdb
2989349873 193598 chains/4Z67_A.pdb
1059274234 62702 chains/4Z8T_B.pdb
3516378348 113003 chains/4Z9D_C.pdb
3328234418 161279 chains/4ZA3_B.pdb
3527436294 319715 chains/4ZAC_A.pdb
3181767159 267632 chains/4ZG8_A.pdb
2386853107 89594 chains/4ZGF_A.pdb
2477217710 109844 chains/4ZGG_A.pdb
4216074096 131066 chains/4ZJH_A.pdb
831113922 296144 chains/4ZKF_A.pdb
3584905988 43100 chains/4ZMK_A.pdb
2950881023 189305 chains/4ZO2_B.pdb
2089348071 239687 chains/4ZP0_A.pdb
3050522135 298817 chains/4ZPC_A.pdb
1921753128 58814 chains/4ZQA_A.pdb
1164118727 300275 chains/4ZQX_A.pdb
2006577265 177074 chains/4ZSF_A.pdb
1016365706 408896 chains/4ZUR_A.pdb
2447369102 122156 chains/4ZV0_B.pdb
919090829 59462 chains/4ZV5_A.pdb
1718860757 147590 chains/4ZV9_A.pdb
2348604757 152774 chains/5A12_A.pdb
3351468315 76148 chains/5A3D_B.pdb
428502734 135926 chains/5A4A_A.pdb
874901911 322550 chains/5A8S_A.pdb
566732864 325547 chains/5A99_A.pdb
509772446 40427 chains/5ABS_A.pdb
350126323 181124 chains/5AD1_A.pdb
2857258044 279620 chains/5AF1_B.pdb
1032485578 145889 chains/5AGY_A.pdb
3538851472 247625 chains/5AMV_A.pdb
1065687486 195947 chains/5AN4_A.pdb
494316012 185498 chains/5AOG_A.pdb
1080275632 249326 chains/5AYC_A.pdb
3555481369 70154 chains/5B08_B.pdb
526562859 325385 chains/5B1A_A.pdb
3250479730 47960 chains/5B1A_I.pdb
1121138228 170918 chains/5B1B_C.pdb
195587973 69020 chains/5B1B_E.pdb
2817385013 54359 chains/5B1B_G.pdb
980546449 53630 chains/5B1B_H.pdb
4032983133 30788 chains/5B1B_L.pdb
1775274889 89756 chains/5B3P_A.pdb
913260749 127826 chains/5B5L_A.pdb
4075299720 309752 chains/5B5Q_A.pdb
522142751 319229 chains/5B66_B.pdb
1941043190 220490 chains/5B66_D.pdb
3062899749 86192 chains/5B66_V.pdb
2954840722 36458 chains/5B66_Z.pdb
63581531 177479 chains/5B6A_A.pdb
3205322288 111788 chains/5B6C_A.pdb
1369778959 155285 chains/5B7G_A.pdb
529433267 76877 chains/5BNH_A.pdb
2932989979 95912 chains/5BOW_A.pdb
2354454972 188900 chains/5BPH_A.pdb
715042358 156419 chains/5BPV_A.pdb
3346817644 101825 chains/5BPX_A.pdb
3015159548 134387 chains/5BQ1_A.pdb
882016020 72503 chains/5BXD_D.pdb
2932140123 139976 chains/5BY8_A.pdb
2376231596 52010 chains/5BY8_B.pdb
917094088 96317 chains/5C04_A.pdb
2234982764 257588 chains/5C50_A.pdb
2502656013 97856 chains/5C5D_D.pdb
3559350561 309104 chains/5C5G_A.pdb
806011036 121508 chains/5C7Q_A.pdb
2643204749 242603 chains/5CDE_A.pdb
2303122162 84977 chains/5CE7_A.pdb
562782986 123938 chains/5CFL_A.pdb
1123944007 163547 chains/5CGQ_A.pdb
3768671528 211094 chains/5CIY_A.pdb
620848295 63026 chains/5CKT_A.pdb
828933901 95588 chains/5CPG_A.pdb
4227947816 178937 chains/5CPZ_D.pdb
1373982074 96317 chains/5CSD_D.pdb
1883263793 78497 chains/5CTD_C.pdb
1738877633 308294 chains/5CTM_A.pdb
3845391403 162494 chains/5D3K_A.pdb
550047592 31841 chains/5D5Y_A.pdb
1830874735 222110 chains/5D6O_A.pdb
3302002916 103283 chains/5D78_A.pdb
1739544275 91862 chains/5D7E_A.pdb
4103792746 288449 chains/5D7W_A.pdb
1730354683 97532 chains/5D8V_A.pdb
2302938762 147185 chains/5DDT_A.pdb
775811225 631079 chains/5DGT_A.pdb
3335792325 63269 chains/5DHE_A.pdb
2321577653 172781 chains/5DLY_A.pdb
3167450459 112436 chains/5DNL_A.pdb
3806518961 173672 chains/5DWA_A.pdb
887272047 211013 chains/5DZ9_A.pdb
1334368663 66833 chains/5DZO_A.pdb
3709012762 81656 chains/5E0Z_A.pdb
4085840217 117053 chains/5E1Y_A.pdb
1031756852 68291 chains/5E3E_B.pdb
752537626 68453 chains/5E50_A.pdb
2706969482 272735 chains/5E5B_A.pdb
2699726935 36863 chains/5E5Y_A.pdb
3494802359 174644 chains/5E6X_A.pdb
3029257001 313721 chains/5E7H_A.pdb
2367763207 57923 chains/5E9P_A.pdb
767177584 165491 chains/5E9Q_C.pdb
2077280247 119564 chains/5EDL_A.pdb
4236057497 75014 chains/5EDX_A.pdb
2459857588 97046 chains/5EHA_A.pdb
4013474841 217979 chains/5EIN_A.pdb
3463027555 86273 chains/5EIP_A.pdb
1204369880 691262 chains/5EJ8_A.pdb
3702700417 317285 chains/5EJY_A.pdb
316458910 70478 chains/5EL3_B.pdb
3419254627 112355 chains/5EMI_A.pdb
1438270685 92753 chains/5EN2_C.pdb
2371814437 149453 chains/5EPE_A.pdb
3117885864 37916 chains/5EQ0_A.pdb
2288521336 194894 chains/5EXE_C.pdb
1820556327 99719 chains/5F0E_B.pdb
520680562 175454 chains/5F5N_A.pdb
1150820664 69020 chains/5F68_A.pdb
683179571 486170 chains/5F9S_B.pdb
519295941 165977 chains/5FBF_A.pdb
4198919089 71693 chains/5FCE_B.pdb
386921392 103121 chains/5FMI_A.pdb
2338994646 70964 chains/5FPZ_A.pdb
3105533986 194084 chains/5FRI_A.pdb
3385616426 53711 chains/5FVK_A.pdb
3574489694 217250 chains/5FVN_A.pdb
570631013 178775 chains/5FW5_A.pdb
312443142 237338 chains/5FXT_A.pdb
3542019222 187361 chains/5FYO_A.pdb
638038544 210365 chains/5G38_A.pdb
2228566032 100610 chains/5G51_A.pdb
2146768896 160955 chains/5GJ3_A.pdb
2219755397 104903 chains/5GMB_A.pdb
4250437864 211013 chains/5GMD_A.pdb
873423368 170027 chains/5GN2_A.pdb
1290720355 63431 chains/5GPG_B.pdb
3364832288 161927 chains/5GQI_A.pdb
3900755440 210203 chains/5GS7_A.pdb
2648530826 518165 chains/5GSM_A.pdb
2162236850 163142 chains/5GT9_B.pdb
214733720 119159 chains/5GTU_A.pdb
3711054387 99071 chains/5GUQ_C.pdb
3483049700 299465 chains/5GV8_A.pdb
3282277996 100043 chains/5GW9_A.pdb
3327028336 196838 chains/5GXE_A.pdb
3274950269 202103 chains/5GY3_A.pdb
1904533768 186956 chains/5GZA_A.pdb
2369715116 271277 chains/5H04_A.pdb
2131687037 253943 chains/5H0Q_A.pdb
3669434751 174077 chains/5H2A_A.pdb
4071643055 67481 chains/5H3V_A.pdb
1648057691 240497 chains/5H4E_A.pdb
2513268385 171404 chains/5H4S_A.pdb
1178931224 110168 chains/5H5R_A.pdb
326474056 113813 chains/5H7E_A.pdb
2089953103 148238 chains/5H9I_A.pdb
2875282616 95912 chains/5HA0_A.pdb
2948264977 178694 chains/5HB5_B.pdb
3601920514 160469 chains/5HB7_A.pdb
4210605593 102635 chains/5HD6_A.pdb
4116286271 254348 chains/5HD9_A.pdb
3811931917 168164 chains/5HEE_A.pdb
406168910 504557 chains/5HH9_A.pdb
1303412156 63593 chains/5HHE_A.pdb
2909673884 178046 chains/5HI8_A.pdb
643038344 69506 chains/5HKC_A.pdb
1250097947 87569 chains/5HKQ_A.pdb
3955906787 177803 chains/5HMM_B.pdb
2113057607 147509 chains/5HQT_A.pdb
2871458070 165005 chains/5HWA_A.pdb
1201447945 490220 chains/5HWQ_A.pdb
4199457293 85382 chains/5HX1_A.pdb
667575453 41804 chains/5I8J_A.pdb
2870289745 88703 chains/5IB0_A.pdb
635329745 31274 chains/5IBW_C.pdb
970387527 221057 chains/5ICE_A.pdb
3615009978 62459 chains/5ICU_A.pdb
4109744003 115352 chains/5ICV_A.pdb
3618985624 173348 chains/5IDB_A.pdb
3481167432 76553 chains/5IG6_A.pdb
3572494458 367343 chains/5IGH_A.pdb
2257085607 200564 chains/5IHW_A.pdb
1686199353 90323 chains/5IJA_A.pdb
3802791265 527156 chains/5IKD_A.pdb
1494528564 65699 chains/5ILU_A.pdb
4187523484 217331 chains/5IQ0_A.pdb
1336917678 151640 chains/5IQN_A.pdb
905861759 130985 chains/5IRC_A.pdb
2990597961 298412 chains/5ITG_A.pdb
3039979058 240092 chains/5IWG_A.pdb
2611842115 192140 chains/5IX8_B.pdb
3699640242 105794 chains/5IXG_B.pdb
2715058405 195380 chains/5IXH_B.pdb
2812288934 245276 chains/5IXP_A.pdb
612953910 197162 chains/5IZ3_A.pdb
74081181 117296 chains/5IZE_A.pdb
2226379965 110735 chains/5IZH_A.pdb
1543756541 63755 chains/5IZW_A.pdb
3735726701 132848 chains/5J2X_A.pdb
1590459441 132686 chains/5J41_A.pdb
79952429 170270 chains/5J8N_A.pdb
2293245532 84167 chains/5JAB_A.pdb
3995723485 90242 chains/5JBR_A.pdb
3212146022 314612 chains/5JBX_B.pdb
3399043968 481229 chains/5JDA_A.pdb
3646952671 213524 chains/5JDT_A.pdb
395775471 333161 chains/5JEI_A.pdb
2575246491 357866 chains/5JH8_A.pdb
3768111594 645659 chains/5JIW_A.pdb
1224356929 137951 chains/5JJ2_A.pdb
1364035600 230777 chains/5JKJ_A.pdb
308382346 242198 chains/5JOD_A.pdb
1927136995 100124 chains/5JUG_A.pdb
3486622875 374228 chains/5JVI_E.pdb
2861476848 54764 chains/5JVM_A.pdb
3234058042 29897 chains/5K2L_A.pdb
2730152355 224702 chains/5K8C_A.pdb
4133090457 95669 chains/5K8S_B.pdb
1650225582 121832 chains/5KAY_A.pdb
244244652 142163 chains/5KB3_A.pdb
3602143815 134063 chains/5KDI_A.pdb
1582544535 554939 chains/5KDV_A.pdb
3713115604 244547 chains/5KDZ_A.pdb
766540866 143864 chains/5KEH_A.pdb
1692183790 30626 chains/5KHT_A.pdb
2989082498 297845 chains/5KIJ_A.pdb
3465258814 534446 chains/5KJV_A.pdb
220910107 436598 chains/5KLA_A.pdb
4242916362 161117 chains/5KO3_A.pdb
3835172359 195947 chains/5KTN_A.pdb
863115507 160955 chains/5KVC_A.pdb
2145609675 451178 chains/5KY2_A.pdb
2011166611 95183 chains/5L03_A.pdb
2493423341 134873 chains/5L0L_A.pdb
3677462464 95669 chains/5L74_A.pdb
3332767176 104255 chains/5L8X_A.pdb
463692856 203318 chains/5L9A_A.pdb
2758666043 65213 chains/5LC7_B.pdb
2771379111 166787 chains/5LDA_A.pdb
2365609615 133658 chains/5LE5_L.pdb
2608435241 131714 chains/5LHF_B.pdb
1150862105 444050 chains/5LNI_A.pdb
756682320 199349 chains/5LOA_A.pdb
502121616 136007 chains/5LQA_A.pdb
2956451245 381356 chains/5LQI_B.pdb
2313319187 267875 chains/5LS4_A.pdb
1449266216 144836 chains/5LSV_A.pdb
2287141705 117863 chains/5LU7_D.pdb
1946084620 123128 chains/5LX6_A.pdb
1689758189 224783 chains/5LY9_A.pdb
1116538948 66185 chains/5LZG_A.pdb
3146558612 79955 chains/5M2Y_A.pdb
3420946132 150830 chains/5M6Q_A.pdb
2707329938 199349 chains/5M89_B.pdb
3640701261 137708 chains/5MAL_A.pdb
3155274953 43343 chains/5MAO_A.pdb
3953286546 217493 chains/5MCT_A.pdb
2911051906 69830 chains/5MEB_A.pdb
2366870908 214415 chains/5MEK_A.pdb
1586314479 162332 chains/5MF5_A.pdb
2558893958 271601 chains/5MGW_A.pdb
593360806 286667 chains/5MIN_B.pdb
185215947 231425 chains/5MK2_B.pdb
2250904953 96641 chains/5ML3_B.pdb
2927965559 73718 chains/5MPW_A.pdb
3565715130 82547 chains/5MTE_A.pdb
584127394 298331 chains/5MUX_B.pdb
3689950206 401282 chains/5MX9_A.pdb
3342395556 123938 chains/5N0G_A.pdb
112132940 133172 chains/5N1P_A.pdb
1620752896 80441 chains/5N20_A.pdb
941161248 410759 chains/5N40_A.pdb
2577962375 52496 chains/5N88_E.pdb
2886246407 236042 chains/5N9T_A.pdb
1587307576 143297 chains/5NAY_E.pdb
2184810140 100367 chains/5NB4_A.pdb
3209173046 140948 chains/5NCG_A.pdb
940472705 89675 chains/5NFM_A.pdb
3706470148 79064 chains/5NJO_A.pdb
1191047430 65780 chains/5NMZ_A.pdb
3875241111 194813 chains/5NOE_A.pdb
1606370913 65375 chains/5NOH_A.pdb
2692758127 82142 chains/5NRM_A.pdb
1725697564 199673 chains/5NUE_B.pdb
1779456662 94940 chains/5NVI_A.pdb
3643058707 65213 chains/5NW3_A.pdb
4022391546 187523 chains/5NXK_C.pdb
3194872490 295334 chains/5O0J_A.pdb
2789068790 148805 chains/5O2X_A.pdb
1420550125 163547 chains/5O45_A.pdb
887449250 72746 chains/5O99_A.pdb
4111007219 129689 chains/5O9E_A.pdb
3090166696 449963 chains/5OAS_A.pdb
2676126892 187037 chains/5OCP_A.pdb
2066742874 237581 chains/5OEM_A.pdb
4183094242 136088 chains/5OK2_A.pdb
1089755402 62054 chains/5OL4_A.pdb
2956398317 77039 chains/5OL4_B.pdb
1951094157 348794 chains/5OL4_C.pdb
3455245397 240578 chains/5OLT_A.pdb
2764257650 169622 chains/5ONN_A.pdb
2625286644 169379 chains/5OO7_A.pdb
3301134291 212066 chains/5OP0_B.pdb
3996391414 234584 chains/5OPF_A.pdb
2576912812 149291 chains/5QIV_A.pdb
2447338099 65861 chains/5SV5_A.pdb
2449351444 135764 chains/5SZC_A.pdb
2217651442 41804 chains/5T1I_A.pdb
3246872833 70316 chains/5T1X_B.pdb
2277936768 100043 chains/5T2P_B.pdb
2087817994 483173 chains/5T4B_A.pdb
4118109117 357056 chains/5T5I_A.pdb
357125739 80360 chains/5T6J_A.pdb
1699591893 113084 chains/5T6J_B.pdb
724213731 33866 chains/5TAB_A.pdb
3054640653 112841 chains/5TBX_B.pdb
3188548451 401525 chains/5TDE_B.pdb
3111535813 103526 chains/5TEG_A.pdb
1970083375 153665 chains/5TGQ_A.pdb
3630760142 275003 chains/5TIP_A.pdb
3059357808 146375 chains/5TJZ_A.pdb
3045272302 265364 chains/5TOQ_A.pdb
1920795477 194246 chains/5TSQ_A.pdb
2147683159 76067 chains/5TVO_B.pdb
1557582633 226565 chains/5TW4_A.pdb
809511964 39779 chains/5TW9_A.pdb
2215399847 217979 chains/5TWB_A.pdb
2581890531 76472 chains/5U1H_C.pdb
3213387965 78416 chains/5U35_A.pdb
2978785148 619253 chains/5U3A_A.pdb
3908469489 38807 chains/5U6A_E.pdb
2437500316 231749 chains/5UKI_A.pdb
1050290369 44639 chains/5UKV_A.pdb
636393142 224297 chains/5UQZ_A.pdb
1530001174 186794 chains/5USB_A.pdb
3137721506 198296 chains/5UUK_A.pdb
1725096914 60029 chains/5UVR_A.pdb
2933436942 120536 chains/5V0M_A.pdb
2007807293 41399 chains/5V2C_H.pdb
2524447480 34757 chains/5V2O_A.pdb
3005732620 68615 chains/5V6J_A.pdb
661436562 248678 chains/5V76_A.pdb
2550026315 164681 chains/5V8Q_A.pdb
3774879903 348875 chains/5VG7_A.pdb
2593651296 186713 chains/5VHG_A.pdb
2782422271 169217 chains/5VIS_A.pdb
1022796242 128393 chains/5VJT_A.pdb
4185031479 231182 chains/5VNX_A.pdb
1319881007 468107 chains/5VO3_A.pdb
4221392246 168650 chains/5VR6_B.pdb
2870249188 107252 chains/5VSN_A.pdb
2887148171 100853 chains/5VU3_D.pdb
1369636274 142163 chains/5W3R_A.pdb
4115825559 113975 chains/5WB4_F.pdb
1832477828 63755 chains/5WBX_B.pdb
4067565545 166787 chains/5WCK_A.pdb
1033408889 228023 chains/5WGM_A.pdb
2260422990 101015 chains/5WJE_A.pdb
3188291220 197081 chains/5WKW_A.pdb
2357144185 62783 chains/5WPB_A.pdb
423931380 114137 chains/5WQ2_A.pdb
807433046 186632 chains/5WQK_A.pdb
2654047885 140786 chains/5WQO_A.pdb
2373867185 203561 chains/5WS7_A.pdb
3951438805 59543 chains/5WWW_A.pdb
3419450230 81656 chains/5WX9_A.pdb
3999376059 92834 chains/5X1E_B.pdb
674841110 64484 chains/5X1E_D.pdb
4112252424 127664 chains/5X1U_B.pdb
1413534901 51524 chains/5X2E_A.pdb
1140333532 125639 chains/5X42_A.pdb
2298136558 223406 chains/5X4T_A.pdb
4261427892 241469 chains/5X9L_A.pdb
2252613987 108143 chains/5XA4_A.pdb
889078609 192059 chains/5XB6_A.pdb
763257302 74771 chains/5XBC_B.pdb
1959856154 52010 chains/5XDH_A.pdb
3345234602 81008 chains/5XEF_A.pdb
2866309514 109034 chains/5XI8_A.pdb
1177501988 96884 chains/5XKO_B.pdb
755646276 150992 chains/5XNE_A.pdb
3148483831 63998 chains/5XPV_A.pdb
1844164941 121427 chains/5XSE_A.pdb
2113965990 71369 chains/5XTA_A.pdb
3067738010 170594 chains/5Y33_A.pdb
3823724208 281159 chains/5Y4Z_A.pdb
644815254 243575 chains/5Y96_B.pdb
1532237468 202184 chains/5YBW_A.pdb
3285606120 69668 chains/5YDN_A.pdb
2856887983 136007 chains/5YDV_A.pdb
2642218261 93644 chains/5YEG_B.pdb
1642591086 113165 chains/5YH4_A.pdb
1391534095 40832 chains/5YJ8_A.pdb
3232298531 122318 chains/5YLB_A.pdb
2243473909 89918 chains/5YOB_A.pdb
2851537565 345068 chains/5YQW_A.pdb
1121296298 89594 chains/5YRH_A.pdb
4194920319 342395 chains/5YRV_G.pdb
2209595803 208421 chains/5YU3_A.pdb
790796988 38483 chains/5YVX_A.pdb
2360182140 402173 chains/5Z0U_A.pdb
398092610 70397 chains/5Z42_A.pdb
4117532727 206558 chains/5Z4T_A.pdb
3639892187 44396 chains/5Z51_B.pdb
4066741559 309752 chains/5Z99_A.pdb
1069090604 157472 chains/5ZDB_A.pdb
2974274165 67319 chains/5ZDI_A.pdb
865410285 214901 chains/5ZFK_B.pdb
3351315147 208097 chains/5ZHO_A.pdb
3717137882 35486 chains/5ZKT_B.pdb
2934122273 125720 chains/5ZML_A.pdb
1168726133 292256 chains/5ZQ0_A.pdb
3499586978 330893 chains/5ZUM_B.pdb
4021819914 85220 chains/5ZXE_A.pdb
1079435432 292985 chains/5ZYN_B.pdb
1202076447 235394 chains/5ZZA_A.pdb
1913588509 109763 chains/6A4U_A.pdb
3088411888 104255 chains/6A56_A.pdb
1794365181 86678 chains/6A7V_C.pdb
2838382095 39131 chains/6A7V_D.pdb
1820373363 116810 chains/6A8L_A.pdb
543560662 162737 chains/6A9A_A.pdb
4096014662 70964 chains/6AHT_A.pdb
38231387 174806 chains/6AQE_B.pdb
3477029826 23417 chains/6AVD_A.pdb
3603204652 95831 chains/6B12_B.pdb
2926168287 132686 chains/6B1K_A.pdb
1321160969 36539 chains/6B29_B.pdb
2524905007 394478 chains/6B4E_A.pdb
2693346520 61973 chains/6B8W_A.pdb
3612081481 76877 chains/6B9X_B.pdb
1294197256 194489 chains/6BD0_A.pdb
4257291501 121103 chains/6BDE_A.pdb
3634088384 196352 chains/6BLK_C.pdb
1182118153 49580 chains/6BN0_A.pdb
2950839797 74852 chains/6BSC_A.pdb
934249430 437651 chains/6BUM_B.pdb
649190543 166139 chains/6BXR_A.pdb
4012146203 131309 chains/6C37_A.pdb
4040546185 226322 chains/6C7E_A.pdb
2183214212 479042 chains/6C7L_A.pdb
65720547 76796 chains/6C8C_A.pdb
1368868606 438056 chains/6C9X_A.pdb
2255937737 122237 chains/6CCR_A.pdb
1110259715 278081 chains/6CID_A.pdb
1516449303 151883 chains/6CJ0_A.pdb
1639013598 88541 chains/6CKA_A.pdb
934893866 140300 chains/6CNW_A.pdb
2527324206 192626 chains/6CTZ_A.pdb
4225865739 176588 chains/6CW9_A.pdb
721703496 124100 chains/6CW9_C.pdb
3396591262 205505 chains/6CWQ_A.pdb
3788279986 98747 chains/6D0H_A.pdb
3660214788 43343 chains/6D0H_B.pdb
3107567924 388322 chains/6D2V_A.pdb
1335241097 98018 chains/6D7Y_B.pdb
1455001026 466649 chains/6D95_A.pdb
2467528098 213038 chains/6DB2_A.pdb
1003327734 54521 chains/6DCM_A.pdb
617367253 89027 chains/6DEY_A.pdb
2042857166 112193 chains/6DGA_A.pdb
1169546298 179423 chains/6DI1_A.pdb
2510986810 79064 chains/6DNV_B.pdb
2500021740 162656 chains/6DOS_A.pdb
2738284015 60029 chains/6DS7_A.pdb
2790207811 116405 chains/6DS9_A.pdb
996145446 91943 chains/6DT3_B.pdb
878432650 291932 chains/6DUR_B.pdb
244643848 217331 chains/6DXS_A.pdb
2564208497 130013 chains/6DYF_A.pdb
35987714 111140 chains/6E1F_A.pdb
2210398781 120050 chains/6E1X_C.pdb
4287653375 621359 chains/6E4D_A.pdb
1389620751 44315 chains/6E4O_A.pdb
1356953319 81251 chains/6E5X_A.pdb
2526222943 24551 chains/6E6O_A.pdb
364615825 111464 chains/6E7E_A.pdb
983797640 201212 chains/6E85_A.pdb
3251111168 588878 chains/6EA2_A.pdb
2660806600 130256 chains/6EDG_A.pdb
1846329101 198215 chains/6EHB_C.pdb
1219538288 172781 chains/6EIC_B.pdb
2231169516 128798 chains/6ELM_A.pdb
2072235622 166949 chains/6ELX_A.pdb
3126442626 545138 chains/6ENO_A.pdb
953969658 170351 chains/6EQS_D.pdb
3035695916 118835 chains/6ER4_A.pdb
3695032773 347093 chains/6ET0_D.pdb
2917328142 141677 chains/6ETL_A.pdb
3429403208 616418 chains/6ETZ_A.pdb
1871606679 97937 chains/6EXX_A.pdb
840482856 76472 chains/6F1D_A.pdb
2839846056 145646 chains/6F3Z_A.pdb
1551901194 77930 chains/6F54_A.pdb
268746050 217655 chains/6F5T_A.pdb
1943467201 325061 chains/6F7D_A.pdb
1769326800 199673 chains/6F9O_A.pdb
3978686410 85949 chains/6FC1_B.pdb
1226027856 110816 chains/6FCH_A.pdb
4205817252 103769 chains/6FDG_A.pdb
501556350 44558 chains/6FF1_A.pdb
625617784 103040 chains/6FHG_A.pdb
4279721777 202832 chains/6FHP_A.pdb
1188502699 375686 chains/6FIY_B.pdb
1280086324 179504 chains/6FJ4_A.pdb
1979305046 220976 chains/6FJL_A.pdb
2814758381 118430 chains/6FJN_A.pdb
3734763262 174320 chains/6FL1_A.pdb
3891604541 31841 chains/6FM8_A.pdb
3313937840 60272 chains/6FMB_A.pdb
4038213297 102149 chains/6FMC_A.pdb
3857100486 322064 chains/6FME_A.pdb
834120875 165248 chains/6FMG_A.pdb
3451774605 458468 chains/6FOP_A.pdb
2306939385 301247 chains/6FQZ_A.pdb
3434089896 512252 chains/6FRW_A.pdb
3729844506 97370 chains/6FS1_A.pdb
1069121488 90485 chains/6FTO_A.pdb
2067754675 48284 chains/6FUB_A.pdb
1009614464 61244 chains/6FUB_B.pdb
2923589819 359972 chains/6FWT_A.pdb
1820587952 323117 chains/6FXQ_D.pdb
1314636051 120941 chains/6FY5_A.pdb
4005090064 252404 chains/6FZ9_A.pdb
3882025240 307646 chains/6G1O_A.pdb
4036433713 173834 chains/6G3C_A.pdb
3229977311 237014 chains/6G3R_A.pdb
2030082413 295091 chains/6G50_A.pdb
2256362630 328301 chains/6G60_A.pdb
3060605895 197405 chains/6G7N_A.pdb
3943181463 61568 chains/6G8Y_A.pdb
2184211303 65537 chains/6GBI_A.pdb
3704754161 68534 chains/6GD6_A.pdb
4291733143 327653 chains/6GEH_A.pdb
3557867346 201212 chains/6GFV_A.pdb
636078398 133739 chains/6GGP_A.pdb
2483414827 91295 chains/6GHU_A.pdb
403728712 448991 chains/6GID_A.pdb
910193105 200969 chains/6GPA_A.pdb
1688474901 75500 chains/6GPU_A.pdb
383616639 40751 chains/6GPZ_A.pdb
3293662399 115109 chains/6GQZ_A.pdb
2998599238 253700 chains/6GRH_D.pdb
2481271818 156500 chains/6GV5_A.pdb
2363976518 195380 chains/6GZM_B.pdb
1926990706 253862 chains/6H0C_A.pdb
1621925064 75662 chains/6H2U_B.pdb
1117288291 180152 chains/6H4E_A.pdb
590964654 156824 chains/6H5G_A.pdb
929242336 123209 chains/6H8O_A.pdb
591366903 220085 chains/6H9J_A.pdb
2343569827 35081 chains/6HA4_A.pdb
311293020 344582 chains/6HAT_B.pdb
1519058513 207692 chains/6HAV_A.pdb
1451910493 86678 chains/6HB9_A.pdb
3644711304 63674 chains/6HC0_B.pdb
1602083232 90890 chains/6HDE_B.pdb
119757133 248435 chains/6HFC_A.pdb
4036772896 109034 chains/6HFM_B.pdb
671469389 25604 chains/6HIK_L.pdb
3057484967 376091 chains/6HN1_A.pdb
1692168160 197486 chains/6HPF_A.pdb
3948623456 258155 chains/6HPH_A.pdb
3922789692 75176 chains/6HQC_A.pdb
479772983 99395 chains/6HQZ_A.pdb
2971370291 197729 chains/6HR2_B.pdb
3636631480 184688 chains/6HSA_A.pdb
2671367350 240902 chains/6HTW_B.pdb
1621384047 535418 chains/6HUR_A.pdb
450112036 284318 chains/6HWR_D.pdb
1879287528 182582 chains/6HY1_A.pdb
2233925319 139976 chains/6HYY_A.pdb
4044583242 46664 chains/6I0A_A.pdb
4028371430 244466 chains/6I1T_A.pdb
1986874828 145322 chains/6I3B_A.pdb
149595755 44396 chains/6I3V_A.pdb
3204137031 119159 chains/6I3V_F.pdb
367707158 532421 chains/6I5W_A.pdb
98314042 137708 chains/6I6H_A.pdb
1887764860 69992 chains/6I6U_B.pdb
1248952484 121346 chains/6I7Q_C.pdb
976133830 99800 chains/6I86_A.pdb
2559626203 224621 chains/6I8O_A.pdb
3816790861 431333 chains/6I96_A.pdb
152515182 306836 chains/6I9W_A.pdb
298689588 171647 chains/6IA5_E.pdb
2282847697 159335 chains/6IAH_A.pdb
2114031796 151073 chains/6IAR_A.pdb
2612214412 186470 chains/6ID6_A.pdb
914640705 86192 chains/6IFB_B.pdb
3300244420 84653 chains/6IFC_A.pdb
2030090982 58247 chains/6IIP_A.pdb
1625693809 110978 chains/6IK4_A.pdb
804224023 315098 chains/6IL9_A.pdb
887479176 260504 chains/6IM4_A.pdb
1913532988 204857 chains/6IOW_B.pdb
686950692 78335 chains/6IPT_A.pdb
1829776446 60434 chains/6IPU_D.pdb
3895439023 151559 chains/6ISN_C.pdb
4022751995 46421 chains/6IST_A.pdb
830062028 69344 chains/6IVD_A.pdb
2969115432 142082 chains/6IX1_A.pdb
4131875188 57437 chains/6IY4_I.pdb
1602166733 124424 chains/6J03_A.pdb
1950553923 37268 chains/6J0Y_C.pdb
4268170266 651329 chains/6J33_B.pdb
2842728376 453608 chains/6J3B_A.pdb
4257448161 39374 chains/6J4K_A.pdb
2998357937 242279 chains/6J93_A.pdb
963755668 268685 chains/6JAL_A.pdb
1778220164 125477 chains/6JCC_A.pdb
570495954 305864 chains/6JEB_A.pdb
2103808500 61811 chains/6JHZ_A.pdb
3657241030 30707 chains/6JLE_E.pdb
954687543 78983 chains/6JM5_A.pdb
3393545959 144593 chains/6JQ8_A.pdb
2666771423 309104 chains/6JQ9_B.pdb
143693398 453041 chains/6JQF_A.pdb
605481937 229643 chains/6JQW_A.pdb
2904713717 26414 chains/6JQY_A.pdb
3860271448 49256 chains/6JV7_A.pdb
1101344895 318662 chains/6JYU_A.pdb
3172005874 64241 chains/6K0L_B.pdb
4051147945 89918 chains/6K2F_A.pdb
57850511 190601 chains/6K39_B.pdb
2454725552 44963 chains/6K7C_A.pdb
1990068610 220976 chains/6KD0_A.pdb
1301271996 102878 chains/6KGI_B.pdb
4040751903 100853 chains/6KIT_A.pdb
1371807818 75824 chains/6KMJ_A.pdb
1866122021 110735 chains/6KNE_A.pdb
343484831 195137 chains/6KRW_A.pdb
2010903923 286829 chains/6KSR_A.pdb
222451750 146861 chains/6KT1_O.pdb
2948674270 89189 chains/6KXT_A.pdb
401424001 48770 chains/6L1P_C.pdb
1652678157 287396 chains/6L27_A.pdb
2266581404 149372 chains/6L2D_A.pdb
308731734 251918 chains/6L3M_B.pdb
1351768058 92024 chains/6L4Z_B.pdb
1497183296 23903 chains/6L4Z_G.pdb
1709557581 96398 chains/6L7Q_A.pdb
1486922416 426473 chains/6L8S_A.pdb
3856290667 114704 chains/6LFB_A.pdb
1547292059 45611 chains/6LG3_A.pdb
3947902343 64241 chains/6LJE_A.pdb
2890533302 56303 chains/6LK1_B.pdb
1128293914 384515 chains/6LKK_A.pdb
3705184343 124991 chains/6LN3_A.pdb
3252614500 42776 chains/6LUJ_A.pdb
2102093686 118835 chains/6M8T_A.pdb
2977250463 282698 chains/6M9M_A.pdb
1344777663 303515 chains/6MBN_A.pdb
2523825003 225026 chains/6MEZ_B.pdb
2834298440 170270 chains/6MFE_A.pdb
1339267057 236690 chains/6MGG_B.pdb
2621017557 34271 chains/6MIU_A.pdb
2053502096 89999 chains/6MRR_A.pdb
2346305864 97370 chains/6MRS_A.pdb
3324378198 93968 chains/6MSQ_A.pdb
3381201861 104174 chains/6MVM_A.pdb
2116079114 347903 chains/6MVO_A.pdb
1764766252 157472 chains/6MXY_A.pdb
1212980912 121994 chains/6N0S_A.pdb
743887017 265283 chains/6N2A_A.pdb
1869745538 123047 chains/6N3D_A.pdb
2467421660 118997 chains/6N6A_A.pdb
1647511900 207854 chains/6NAU_A.pdb
3686184680 617876 chains/6NC9_A.pdb
293963097 252728 chains/6NDN_A.pdb
955984855 55574 chains/6NID_B.pdb
2468565538 379817 chains/6NL2_A.pdb
3270284277 340775 chains/6NNR_A.pdb
4144383512 129203 chains/6NNW_A.pdb
4289726301 153746 chains/6NOZ_A.pdb
810112620 324089 chains/6NP3_A.pdb
1173396542 174239 chains/6NPP_A.pdb
2050273915 629378 chains/6NPS_A.pdb
3872902207 87083 chains/6NQ6_B.pdb
817494997 166220 chains/6NR6_A.pdb
2503612140 166058 chains/6NSV_B.pdb
3429724011 284075 chains/6NUH_A.pdb
2855390341 204047 chains/6NW5_A.pdb
93663595 319958 chains/6NY9_B.pdb
210295884 379007 chains/6NZS_A.pdb
274046679 329597 chains/6NZY_A.pdb
702202185 37754 chains/6O19_A.pdb
2437799577 241226 chains/6O1H_B.pdb
1497473298 86840 chains/6O2V_A.pdb
3954041127 214010 chains/6O4O_A.pdb
4121798603 123128 chains/6O6N_A.pdb
3392069950 163547 chains/6OCG_A.pdb
4208943566 40427 chains/6OD3_A.pdb
770163291 102716 chains/6ODD_B.pdb
3382823316 217655 chains/6OHK_A.pdb
2681421774 182177 chains/6OIO_A.pdb
3065752321 224621 chains/6OMP_A.pdb
1336508083 306998 chains/6OP3_A.pdb
943905613 134711 chains/6OSH_L.pdb
4291100147 256373 chains/6OUX_A.pdb
2035617440 401525 chains/6OZ1_A.pdb
3936415409 154556 chains/6OZE_A.pdb
1013824497 442754 chains/6P2N_A.pdb
1612465929 183311 chains/6P7R_A.pdb
2113026290 244952 chains/6P9K_A.pdb
1050742771 202670 chains/6PA3_A.pdb
38261456 251837 chains/6PEU_B.pdb
1104778320 134387 chains/6PGL_A.pdb
1468653197 163142 chains/6PI9_A.pdb
87176584 86192 chains/6PIR_B.pdb
2777372905 251189 chains/6PNV_A.pdb
2088263803 58895 chains/6PQK_B.pdb
1291608617 440324 chains/6PT8_A.pdb
409607244 295982 chains/6PTX_A.pdb
1639630415 79145 chains/6PW8_A.pdb
4009323718 93887 chains/6PX4_T.pdb
3492187328 82952 chains/6Q00_A.pdb
3182334424 48932 chains/6Q00_B.pdb
664318360 46097 chains/6Q3P_B.pdb
800477303 45368 chains/6Q3P_C.pdb
2737220443 116162 chains/6Q3V_A.pdb
3500491112 43991 chains/6Q43_A.pdb
3524268534 44234 chains/6Q43_B.pdb
1531573997 43262 chains/6Q43_C.pdb
185125736 101987 chains/6Q9C_A.pdb
197525484 266741 chains/6Q9C_B.pdb
2880762054 81332 chains/6QAZ_A.pdb
1070562239 369530 chains/6QE3_A.pdb
3433088266 275165 chains/6QGR_A.pdb
2710102590 183311 chains/6QGR_B.pdb
510683660 155366 chains/6QGR_G.pdb
908268520 74204 chains/6QHG_A.pdb
3937243943 147023 chains/6QIL_B.pdb
1990093024 99557 chains/6QJA_A.pdb
1317025656 71369 chains/6QQ4_A.pdb
1496741297 134225 chains/6QU0_A.pdb
1643297645 527885 chains/6QUB_B.pdb
299521334 130499 chains/6QVP_E.pdb
3095369510 166787 chains/6QWO_B.pdb
3654305582 333242 chains/6QYI_B.pdb
1109311935 72989 chains/6QYY_A.pdb
811057623 67967 chains/6R01_A.pdb
1056146254 160550 chains/6R2W_L.pdb
4090590886 264068 chains/6R2W_T.pdb
588410011 248435 chains/6R4Z_A.pdb
1563566289 44882 chains/6R5J_C.pdb
962984206 456605 chains/6R5T_A.pdb
3387436143 304325 chains/6R62_A.pdb
691045697 69587 chains/6R6M_A.pdb
287996204 571058 chains/6RI6_A.pdb
2790748543 167678 chains/6RRA_A.pdb
2630013591 169460 chains/6RRV_A.pdb
3052642161 361511 chains/6RVQ_A.pdb
509980738 316961 chains/6RZ0_A.pdb
3783077155 435383 chains/6RZO_A.pdb
3944996824 91943 chains/6RZY_A.pdb
573298370 350009 chains/6S07_A.pdb
2491285520 181610 chains/6S09_F.pdb
1912831326 172457 chains/6S2M_A.pdb
3923808322 41318 chains/6S3F_A.pdb
1919532198 297602 chains/6S6C_A.pdb
1737929372 276704 chains/6S8K_A.pdb
2701114959 62135 chains/6S95_A.pdb
1110845886 275894 chains/6SAV_A.pdb
3074813133 450368 chains/6SDP_A.pdb
2442493777 326519 chains/6SE1_A.pdb
1746751184 34757 chains/6SIG_B.pdb
3871437716 275732 chains/6SIZ_B.pdb
3915121814 409058 chains/6SLD_A.pdb
115559750 462275 chains/6SMS_A.pdb
369331933 304730 chains/6SMW_D.pdb
1259913677 44720 chains/6SPT_A.pdb
3753933638 39455 chains/6SQP_A.pdb
2828768782 603620 chains/6SRE_A.pdb
16363836 253295 chains/6SSD_A.pdb
2653500998 110735 chains/6STD_A.pdb
242389411 183149 chains/6STL_A.pdb
2998051975 225836 chains/6SUM_A.pdb
4194651261 80765 chains/6SWI_A.pdb
4272931957 84896 chains/6SYG_A.pdb
3790371151 104417 chains/6T1Q_A.pdb
150516823 153260 chains/6T40_B.pdb
2535626519 154799 chains/6T40_C.pdb
662139809 115919 chains/6TCB_A.pdb
564405320 71126 chains/6TG6_A.pdb
1191457252 68453 chains/6TGK_C.pdb
1435665694 158849 chains/6THS_A.pdb
1939772931 60515 chains/6TM6_A.pdb
3065923473 97937 chains/6TNQ_C.pdb
125118456 44477 chains/6TS3_A.pdb
3521162680 473210 chains/6TUK_B.pdb
651461395 96641 chains/6TV0_A.pdb
4066739267 110735 chains/6TVA_B.pdb
2649061956 90242 chains/6TYY_A.pdb
2603774690 30869 chains/6U2U_A.pdb
1533205707 177560 chains/6U66_B.pdb
1838983365 169379 chains/6UAV_A.pdb
3254923884 257021 chains/6UBL_A.pdb
3434302139 119726 chains/6UFE_B.pdb
3117940039 189710 chains/6UHY_B.pdb
3231666786 147104 chains/6UIO_A.pdb
543656165 324170 chains/6UKF_X.pdb
2495750030 164033 chains/6UN8_B.pdb
3991761492 73637 chains/6UOF_A.pdb
222627013 180557 chains/6UQV_A.pdb
2494568380 186875 chains/6UXU_A.pdb
3369198125 46421 chains/6V0M_A.pdb
3452236914 230534 chains/6V3Y_A.pdb
1978936938 50471 chains/6V67_B.pdb
1404936319 90647 chains/6VAN_A.pdb
3479259553 52658 chains/6VG5_A.pdb
2020192239 88460 chains/6VGW_A.pdb
1281908162 166787 chains/6VH9_A.pdb
1449397047 318824 chains/6VJR_A.pdb
1621582547 163142 chains/6VRR_A.pdb
2186892408 498887 chains/6VT2_A.pdb
497911610 219761 chains/6VTB_A.pdb
3758731832 72179 chains/6VVN_A.pdb
1641188993 78659 chains/6W0V_A.pdb
2607798808 53306 chains/6W0V_B.pdb
987456085 141272 chains/6W3F_A.pdb
3162749556 144269 chains/6W3W_A.pdb
909660686 154313 chains/6W70_A.pdb
104822393 279539 chains/6WCS_A.pdb
2895767667 101501 chains/6WES_A.pdb
3089878084 60515 chains/6WI5_A.pdb
3637601665 32489 chains/6WI6_A.pdb
4073543287 137627 chains/6WN0_B.pdb
635878857 579563 chains/6X5W_A.pdb
980813886 212552 chains/6X7J_A.pdb
3179435109 259451 chains/6X84_A.pdb
1159376736 124343 chains/6XH2_A.pdb
3487662824 389213 chains/6XJ7_A.pdb
1982854306 78578 chains/6XL7_A.pdb
1380512969 136169 chains/6XP8_A.pdb
3822061391 70316 chains/6XPJ_C.pdb
120630512 50795 chains/6XRW_B.pdb
1346129806 429389 chains/6XZL_A.pdb
3210026785 191087 chains/6XZU_B.pdb
2247811078 190277 chains/6YB7_A.pdb
3394820043 44072 chains/6YHU_A.pdb
3020689795 202427 chains/6YKF_A.pdb
906514407 259370 chains/6YP6_A.pdb
1148232599 218951 chains/6YTZ_A.pdb
4217860345 86111 chains/6YUN_B.pdb
3141354432 129446 chains/6YV5_A.pdb
3778927633 546758 chains/6YYX_A.pdb
463418801 60758 chains/6Z0M_B.pdb
2971179990 126854 chains/6Z2L_A.pdb
2782176784 146942 chains/6Z4W_A.pdb
3656523713 159821 chains/6Z9K_B.pdb
2769106332 123128 chains/6ZFL_V.pdb
188270920 262772 chains/6ZLF_L.pdb
3241069565 253619 chains/6ZM8_A.pdb
2062348107 127826 chains/6ZMB_C.pdb
4110474379 77930 chains/6ZRW_A.pdb
8347009 78821 chains/6ZS2_A.pdb
197648139 93239 chains/6ZUS_A.pdb
1566615918 148319 chains/6ZZI_A.pdb
1389374221 161279 chains/7A11_A.pdb
774917119 208664 chains/7A76_A.pdb
217183290 76472 chains/7ADR_C.pdb
3410267146 271925 chains/7AEZ_A.pdb
632776250 45530 chains/7AGW_B.pdb
96623819 234179 chains/7AHL_A.pdb
1959390302 152126 chains/7AKW_A.pdb
946437282 56546 chains/7ALA_F.pdb
2831111996 167759 chains/7APP_A.pdb
1910282552 160469 chains/7APW_A.pdb
737303641 107738 chains/7AS3_A.pdb
1489852624 182096 chains/7AT0_A.pdb
4124743224 757682 chains/7ATR_A.pdb
1951398693 104336 chains/7AVH_A.pdb
2229566804 333242 chains/7AYV_A.pdb
3096675923 174320 chains/7AYW_B.pdb
2822466797 134306 chains/7B0X_C.pdb
2346153332 148481 chains/7B5J_A.pdb
761222935 51524 chains/7B5U_A.pdb
3880718716 781010 chains/7B7Q_A.pdb
3676025170 55331 chains/7BBL_D.pdb
2861397344 424610 chains/7BBX_A.pdb
1894048392 76877 chains/7BFY_A.pdb
730803691 280511 chains/7BHC_A.pdb
102180262 122480 chains/7BNH_A.pdb
1402458289 69182 chains/7BQV_A.pdb
2884438793 103283 chains/7BR1_A.pdb
2259082506 116891 chains/7BRD_A.pdb
3983970069 206477 chains/7BU3_B.pdb
2307781511 118106 chains/7BWF_A.pdb
732723820 115757 chains/7BWF_B.pdb
4262758953 105065 chains/7BX9_A.pdb
1265364486 137627 chains/7BXB_A.pdb
4078182609 38078 chains/7C4P_A.pdb
2809001461 50471 chains/7CHR_A.pdb
46066299 135440 chains/7CIW_A.pdb
3868503322 103526 chains/7CJX_A.pdb
1969765136 96560 chains/7CN7_C.pdb
1390793644 241712 chains/7CNS_A.pdb
2716920100 162008 chains/7CNW_A.pdb
988075720 167840 chains/7CRJ_A.pdb
1498956012 72665 chains/7CT3_A.pdb
1451833785 642500 chains/7CZ9_B.pdb
1385333267 111869 chains/7CZJ_A.pdb
2078782704 90971 chains/7D3D_A.pdb
840671362 295901 chains/7D54_A.pdb
1785341681 265607 chains/7D5G_A.pdb
4097265296 295172 chains/7D8D_A.pdb
3074151151 81575 chains/7DC4_A.pdb
792964974 386378 chains/7DE5_A.pdb
26311493 92267 chains/7DHF_C.pdb
525879446 58652 chains/7DMA_B.pdb
980952007 58814 chains/7DMS_A.pdb
3650741095 190439 chains/7DNE_A.pdb
157591183 166949 chains/7DWC_A.pdb
1351211469 299465 chains/7E2S_A.pdb
327212009 195137 chains/7E56_A.pdb
2081402153 73394 chains/7E9B_C.pdb
3996771538 78578 chains/7EE5_C.pdb
4177767722 159983 chains/7EP8_A.pdb
2592608969 126611 chains/7ERA_B.pdb
752524856 171080 chains/7EXM_A.pdb
1984557882 236204 chains/7EXS_A.pdb
485533059 104012 chains/7FB7_A.pdb
1336694190 283184 chains/7FBC_A.pdb
2552115210 130580 chains/7FD1_A.pdb
1840754266 265931 chains/7JR8_A.pdb
2197514565 67886 chains/7JX6_A.pdb
3943068336 116162 chains/7JZS_A.pdb
3457851971 179504 chains/7K2L_B.pdb
2917650811 191006 chains/7K3T_A.pdb
2148733540 131876 chains/7K9B_A.pdb
4203593025 268604 chains/7KD4_A.pdb
630215793 257345 chains/7KD7_A.pdb
3394786416 155447 chains/7KD9_A.pdb
2133975063 86840 chains/7KP2_A.pdb
819479992 208097 chains/7KQO_A.pdb
731295019 125153 chains/7KYJ_B.pdb
2880740124 186956 chains/7L00_C.pdb
3975105563 88460 chains/7L67_A.pdb
4267223339 186227 chains/7L8N_A.pdb
1272595993 121994 chains/7M5F_A.pdb
110732759 100529 chains/7M5I_A.pdb
2148627154 183959 chains/7MC5_A.pdb
3309564281 233369 chains/7MCT_H.pdb
3299365097 125720 chains/7MFU_A.pdb
1285210552 131876 chains/7MPR_A.pdb
2879629578 82223 chains/7NA9_D.pdb
1135923346 178856 chains/7NBI_B.pdb
959119986 125072 chains/7NDJ_B.pdb
4051303853 448262 chains/7NE5_A.pdb
411485357 152855 chains/7NIY_A.pdb
3586035179 224297 chains/7NMQ_A.pdb
1718354365 117215 chains/7NUG_A.pdb
1708517894 274922 chains/7O0E_G.pdb
548533776 71855 chains/7O4C_A.pdb
2950905803 169703 chains/7O50_A.pdb
1010780316 96560 chains/7O74_A.pdb
1317526628 309347 chains/7O78_B.pdb
3444840430 92996 chains/7O91_A.pdb
1751843748 119240 chains/7PJD_B.pdb
3946747063 143378 chains/7R65_A.pdb
2903022778 209231 chains/7R66_A.pdb
3405324920 88055 chains/7RLM_A.pdb
1596642237 196514 chains/7S0M_B.pdb
94212811 139895 chains/7S14_B.pdb
3100578801 48932 chains/7S5A_B.pdb
4270057129 496376 chains/7S6E_B.pdb
256958148 83195 chains/7S6S_H.pdb
2721131341 201455 chains/7SEW_A.pdb
1783996268 84734 chains/7THH_A.pdb
2273265907 55655 chains/7V5Z_A.pdb
